================================================================================
BATCH PROCESSING STARTED - Mon Dec  8 12:06:39 UTC 2025
================================================================================

2025-12-08 12:06:40,889 | INFO     | ======================================================================
2025-12-08 12:06:40,889 | INFO     | WHISPER PROCESSOR - DIRECT TRANSLATION
2025-12-08 12:06:40,889 | INFO     | ======================================================================
2025-12-08 12:06:40,889 | INFO     | Model: Systran/faster-whisper-large-v3
2025-12-08 12:06:40,889 | INFO     | Device: cuda
2025-12-08 12:06:40,889 | INFO     | Compute: float16
2025-12-08 12:06:44,616 | INFO     | ✓ Model loaded in 3.73s
2025-12-08 12:06:44,617 | INFO     | ✓ Ready
2025-12-08 12:06:44,617 | INFO     | ======================================================================

2025-12-08 12:06:44,617 | INFO     | Request URL: 'https://uploadserverstorage1.blob.core.windows.net/recordings/hindi/01-00016-02.mp3'
Request method: 'GET'
Request headers:
    'x-ms-range': 'REDACTED'
    'x-ms-version': 'REDACTED'
    'Accept': 'application/xml'
    'User-Agent': 'azsdk-python-storage-blob/12.27.1 Python/3.12.3 (Linux-6.14.0-1012-azure-x86_64-with-glibc2.39)'
    'x-ms-date': 'REDACTED'
    'x-ms-client-request-id': '5d3a63fd-d42e-11f0-b3c3-7ced8d9fd639'
    'Authorization': 'REDACTED'
No body was attached to the request
2025-12-08 12:06:44,657 | INFO     | Response status: 206
Response headers:
    'Content-Length': '6381'
    'Content-Type': 'audio/mpeg'
    'Content-Range': 'REDACTED'
    'Last-Modified': 'Mon, 08 Dec 2025 11:49:33 GMT'
    'Accept-Ranges': 'REDACTED'
    'ETag': '"0x8DE364FDAFE9824"'
    'Server': 'Windows-Azure-Blob/1.0 Microsoft-HTTPAPI/2.0'
    'x-ms-request-id': '98bf53b4-401e-0071-783b-689f19000000'
    'x-ms-client-request-id': '5d3a63fd-d42e-11f0-b3c3-7ced8d9fd639'
    'x-ms-version': 'REDACTED'
    'x-ms-creation-time': 'REDACTED'
    'x-ms-blob-content-md5': 'REDACTED'
    'x-ms-lease-status': 'REDACTED'
    'x-ms-lease-state': 'REDACTED'
    'x-ms-blob-type': 'REDACTED'
    'x-ms-server-encrypted': 'REDACTED'
    'Access-Control-Expose-Headers': 'REDACTED'
    'Access-Control-Allow-Origin': 'REDACTED'
    'Date': 'Mon, 08 Dec 2025 12:06:44 GMT'
2025-12-08 12:06:44,657 | INFO     | Processing: 01-00016-02.mp3
2025-12-08 12:06:44,657 | INFO     |   [1/1] Detecting language + translating to English...
2025-12-08 12:06:44,717 | INFO     | Processing audio with duration 00:05.943
2025-12-08 12:06:44,753 | INFO     | VAD filter removed 00:00.016 of audio
2025-12-08 12:06:45,233 | INFO     | Detected language 'en' with probability 0.34
2025-12-08 12:06:45,234 | INFO     |         → Detected: English (en) - 34.4%
2025-12-08 12:06:45,973 | ERROR    |         ✗ Failed: Translation is empty
2025-12-08 12:06:45,974 | INFO     | Request URL: 'https://uploadserverstorage1.blob.core.windows.net/recordings/hindi/01-00022-03.mp3'
Request method: 'GET'
Request headers:
    'x-ms-range': 'REDACTED'
    'x-ms-version': 'REDACTED'
    'Accept': 'application/xml'
    'User-Agent': 'azsdk-python-storage-blob/12.27.1 Python/3.12.3 (Linux-6.14.0-1012-azure-x86_64-with-glibc2.39)'
    'x-ms-date': 'REDACTED'
    'x-ms-client-request-id': '5e0961fb-d42e-11f0-8fee-7ced8d9fd639'
    'Authorization': 'REDACTED'
No body was attached to the request
2025-12-08 12:06:45,980 | INFO     | Response status: 206
Response headers:
    'Content-Length': '12285'
    'Content-Type': 'audio/mpeg'
    'Content-Range': 'REDACTED'
    'Last-Modified': 'Mon, 08 Dec 2025 11:49:33 GMT'
    'Accept-Ranges': 'REDACTED'
    'ETag': '"0x8DE364FDAFE2375"'
    'Server': 'Windows-Azure-Blob/1.0 Microsoft-HTTPAPI/2.0'
    'x-ms-request-id': '98bf565b-401e-0071-7b3b-689f19000000'
    'x-ms-client-request-id': '5e0961fb-d42e-11f0-8fee-7ced8d9fd639'
    'x-ms-version': 'REDACTED'
    'x-ms-creation-time': 'REDACTED'
    'x-ms-blob-content-md5': 'REDACTED'
    'x-ms-lease-status': 'REDACTED'
    'x-ms-lease-state': 'REDACTED'
    'x-ms-blob-type': 'REDACTED'
    'x-ms-server-encrypted': 'REDACTED'
    'Access-Control-Expose-Headers': 'REDACTED'
    'Access-Control-Allow-Origin': 'REDACTED'
    'Date': 'Mon, 08 Dec 2025 12:06:45 GMT'
2025-12-08 12:06:45,980 | INFO     | Processing: 01-00022-03.mp3
2025-12-08 12:06:45,980 | INFO     |   [1/1] Detecting language + translating to English...
2025-12-08 12:06:46,040 | INFO     | Processing audio with duration 00:11.838
2025-12-08 12:06:46,066 | INFO     | VAD filter removed 00:00.382 of audio
2025-12-08 12:06:46,350 | INFO     | Detected language 'en' with probability 0.58
2025-12-08 12:06:46,351 | INFO     |         → Detected: English (en) - 57.7%
2025-12-08 12:06:46,786 | INFO     |         ✓ Success - 0.81s
2025-12-08 12:06:46,786 | INFO     |         → 6 words
2025-12-08 12:06:46,787 | INFO     | Request URL: 'https://uploadserverstorage1.blob.core.windows.net/transcriptions/hindi/01-00022-03_transcription.json'
Request method: 'PUT'
Request headers:
    'Content-Length': '441'
    'x-ms-blob-type': 'REDACTED'
    'x-ms-version': 'REDACTED'
    'Content-Type': 'application/octet-stream'
    'Accept': 'application/xml'
    'User-Agent': 'azsdk-python-storage-blob/12.27.1 Python/3.12.3 (Linux-6.14.0-1012-azure-x86_64-with-glibc2.39)'
    'x-ms-date': 'REDACTED'
    'x-ms-client-request-id': '5e85691d-d42e-11f0-90be-7ced8d9fd639'
    'Authorization': 'REDACTED'
A body is sent with the request
2025-12-08 12:06:46,794 | INFO     | Response status: 201
Response headers:
    'Content-Length': '0'
    'Content-MD5': 'REDACTED'
    'Last-Modified': 'Mon, 08 Dec 2025 12:06:46 GMT'
    'ETag': '"0x8DE365242B918ED"'
    'Server': 'Windows-Azure-Blob/1.0 Microsoft-HTTPAPI/2.0'
    'x-ms-request-id': '98bf5809-401e-0071-143b-689f19000000'
    'x-ms-client-request-id': '5e85691d-d42e-11f0-90be-7ced8d9fd639'
    'x-ms-version': 'REDACTED'
    'x-ms-content-crc64': 'REDACTED'
    'x-ms-request-server-encrypted': 'REDACTED'
    'Date': 'Mon, 08 Dec 2025 12:06:46 GMT'
2025-12-08 12:06:46,795 | INFO     | Request URL: 'https://uploadserverstorage1.blob.core.windows.net/recordings/hindi/01-00033-01.mp3'
Request method: 'GET'
Request headers:
    'x-ms-range': 'REDACTED'
    'x-ms-version': 'REDACTED'
    'Accept': 'application/xml'
    'User-Agent': 'azsdk-python-storage-blob/12.27.1 Python/3.12.3 (Linux-6.14.0-1012-azure-x86_64-with-glibc2.39)'
    'x-ms-date': 'REDACTED'
    'x-ms-client-request-id': '5e86ad9a-d42e-11f0-8033-7ced8d9fd639'
    'Authorization': 'REDACTED'
No body was attached to the request
2025-12-08 12:06:46,800 | INFO     | Response status: 206
Response headers:
    'Content-Length': '9693'
    'Content-Type': 'audio/mpeg'
    'Content-Range': 'REDACTED'
    'Last-Modified': 'Mon, 08 Dec 2025 11:49:33 GMT'
    'Accept-Ranges': 'REDACTED'
    'ETag': '"0x8DE364FDAFE713E"'
    'Server': 'Windows-Azure-Blob/1.0 Microsoft-HTTPAPI/2.0'
    'x-ms-request-id': '98bf580d-401e-0071-183b-689f19000000'
    'x-ms-client-request-id': '5e86ad9a-d42e-11f0-8033-7ced8d9fd639'
    'x-ms-version': 'REDACTED'
    'x-ms-creation-time': 'REDACTED'
    'x-ms-blob-content-md5': 'REDACTED'
    'x-ms-lease-status': 'REDACTED'
    'x-ms-lease-state': 'REDACTED'
    'x-ms-blob-type': 'REDACTED'
    'x-ms-server-encrypted': 'REDACTED'
    'Access-Control-Expose-Headers': 'REDACTED'
    'Access-Control-Allow-Origin': 'REDACTED'
    'Date': 'Mon, 08 Dec 2025 12:06:46 GMT'
2025-12-08 12:06:46,801 | INFO     | Processing: 01-00033-01.mp3
2025-12-08 12:06:46,801 | INFO     |   [1/1] Detecting language + translating to English...
2025-12-08 12:06:46,860 | INFO     | Processing audio with duration 00:09.246
2025-12-08 12:06:46,880 | INFO     | VAD filter removed 00:00.048 of audio
2025-12-08 12:06:47,159 | INFO     | Detected language 'hi' with probability 0.55
2025-12-08 12:06:47,160 | INFO     |         → Detected: Hindi (hi) - 54.9%
2025-12-08 12:06:48,236 | INFO     |         ✓ Success - 1.44s
2025-12-08 12:06:48,236 | INFO     |         → 23 words
2025-12-08 12:06:48,237 | INFO     | Request URL: 'https://uploadserverstorage1.blob.core.windows.net/transcriptions/hindi/01-00033-01_transcription.json'
Request method: 'PUT'
Request headers:
    'Content-Length': '556'
    'x-ms-blob-type': 'REDACTED'
    'x-ms-version': 'REDACTED'
    'Content-Type': 'application/octet-stream'
    'Accept': 'application/xml'
    'User-Agent': 'azsdk-python-storage-blob/12.27.1 Python/3.12.3 (Linux-6.14.0-1012-azure-x86_64-with-glibc2.39)'
    'x-ms-date': 'REDACTED'
    'x-ms-client-request-id': '5f62a713-d42e-11f0-bcb9-7ced8d9fd639'
    'Authorization': 'REDACTED'
A body is sent with the request
2025-12-08 12:06:48,245 | INFO     | Response status: 201
Response headers:
    'Content-Length': '0'
    'Content-MD5': 'REDACTED'
    'Last-Modified': 'Mon, 08 Dec 2025 12:06:48 GMT'
    'ETag': '"0x8DE365243964AFA"'
    'Server': 'Windows-Azure-Blob/1.0 Microsoft-HTTPAPI/2.0'
    'x-ms-request-id': '98bf5b37-401e-0071-013b-689f19000000'
    'x-ms-client-request-id': '5f62a713-d42e-11f0-bcb9-7ced8d9fd639'
    'x-ms-version': 'REDACTED'
    'x-ms-content-crc64': 'REDACTED'
    'x-ms-request-server-encrypted': 'REDACTED'
    'Date': 'Mon, 08 Dec 2025 12:06:47 GMT'
2025-12-08 12:06:48,246 | INFO     | Request URL: 'https://uploadserverstorage1.blob.core.windows.net/recordings/tamil/000020009.wav'
Request method: 'GET'
Request headers:
    'x-ms-range': 'REDACTED'
    'x-ms-version': 'REDACTED'
    'Accept': 'application/xml'
    'User-Agent': 'azsdk-python-storage-blob/12.27.1 Python/3.12.3 (Linux-6.14.0-1012-azure-x86_64-with-glibc2.39)'
    'x-ms-date': 'REDACTED'
    'x-ms-client-request-id': '5f640e24-d42e-11f0-84cf-7ced8d9fd639'
    'Authorization': 'REDACTED'
No body was attached to the request
2025-12-08 12:06:48,251 | INFO     | Response status: 206
Response headers:
    'Content-Length': '216684'
    'Content-Type': 'audio/wav'
    'Content-Range': 'REDACTED'
    'Last-Modified': 'Mon, 08 Dec 2025 11:55:49 GMT'
    'Accept-Ranges': 'REDACTED'
    'ETag': '"0x8DE3650BAD74256"'
    'Server': 'Windows-Azure-Blob/1.0 Microsoft-HTTPAPI/2.0'
    'x-ms-request-id': '98bf5b3e-401e-0071-083b-689f19000000'
    'x-ms-client-request-id': '5f640e24-d42e-11f0-84cf-7ced8d9fd639'
    'x-ms-version': 'REDACTED'
    'x-ms-creation-time': 'REDACTED'
    'x-ms-blob-content-md5': 'REDACTED'
    'x-ms-lease-status': 'REDACTED'
    'x-ms-lease-state': 'REDACTED'
    'x-ms-blob-type': 'REDACTED'
    'x-ms-server-encrypted': 'REDACTED'
    'Access-Control-Expose-Headers': 'REDACTED'
    'Access-Control-Allow-Origin': 'REDACTED'
    'Date': 'Mon, 08 Dec 2025 12:06:47 GMT'
2025-12-08 12:06:48,254 | INFO     | Processing: 000020009.wav
2025-12-08 12:06:48,254 | INFO     |   [1/1] Detecting language + translating to English...
2025-12-08 12:06:48,315 | INFO     | Processing audio with duration 00:06.770
2025-12-08 12:06:48,331 | INFO     | VAD filter removed 00:00.112 of audio
2025-12-08 12:06:48,613 | INFO     | Detected language 'ta' with probability 0.95
2025-12-08 12:06:48,614 | INFO     |         → Detected: Tamil (ta) - 94.9%
2025-12-08 12:06:49,161 | INFO     |         ✓ Success - 0.91s
2025-12-08 12:06:49,161 | INFO     |         → 15 words
2025-12-08 12:06:49,161 | INFO     | Request URL: 'https://uploadserverstorage1.blob.core.windows.net/transcriptions/tamil/000020009_transcription.json'
Request method: 'PUT'
Request headers:
    'Content-Length': '478'
    'x-ms-blob-type': 'REDACTED'
    'x-ms-version': 'REDACTED'
    'Content-Type': 'application/octet-stream'
    'Accept': 'application/xml'
    'User-Agent': 'azsdk-python-storage-blob/12.27.1 Python/3.12.3 (Linux-6.14.0-1012-azure-x86_64-with-glibc2.39)'
    'x-ms-date': 'REDACTED'
    'x-ms-client-request-id': '5fefbf7a-d42e-11f0-b454-7ced8d9fd639'
    'Authorization': 'REDACTED'
A body is sent with the request
2025-12-08 12:06:49,170 | INFO     | Response status: 201
Response headers:
    'Content-Length': '0'
    'Content-MD5': 'REDACTED'
    'Last-Modified': 'Mon, 08 Dec 2025 12:06:49 GMT'
    'ETag': '"0x8DE365244236D36"'
    'Server': 'Windows-Azure-Blob/1.0 Microsoft-HTTPAPI/2.0'
    'x-ms-request-id': '98bf5cfb-401e-0071-2c3b-689f19000000'
    'x-ms-client-request-id': '5fefbf7a-d42e-11f0-b454-7ced8d9fd639'
    'x-ms-version': 'REDACTED'
    'x-ms-content-crc64': 'REDACTED'
    'x-ms-request-server-encrypted': 'REDACTED'
    'Date': 'Mon, 08 Dec 2025 12:06:48 GMT'
2025-12-08 12:06:49,171 | INFO     | Request URL: 'https://uploadserverstorage1.blob.core.windows.net/recordings/tamil/000020244.wav'
Request method: 'GET'
Request headers:
    'x-ms-range': 'REDACTED'
    'x-ms-version': 'REDACTED'
    'Accept': 'application/xml'
    'User-Agent': 'azsdk-python-storage-blob/12.27.1 Python/3.12.3 (Linux-6.14.0-1012-azure-x86_64-with-glibc2.39)'
    'x-ms-date': 'REDACTED'
    'x-ms-client-request-id': '5ff12d60-d42e-11f0-9908-7ced8d9fd639'
    'Authorization': 'REDACTED'
No body was attached to the request
2025-12-08 12:06:49,218 | INFO     | Response status: 206
Response headers:
    'Content-Length': '304684'
    'Content-Type': 'audio/wav'
    'Content-Range': 'REDACTED'
    'Last-Modified': 'Mon, 08 Dec 2025 11:55:49 GMT'
    'Accept-Ranges': 'REDACTED'
    'ETag': '"0x8DE3650BAF887B4"'
    'Server': 'Windows-Azure-Blob/1.0 Microsoft-HTTPAPI/2.0'
    'x-ms-request-id': '98bf5d00-401e-0071-303b-689f19000000'
    'x-ms-client-request-id': '5ff12d60-d42e-11f0-9908-7ced8d9fd639'
    'x-ms-version': 'REDACTED'
    'x-ms-creation-time': 'REDACTED'
    'x-ms-blob-content-md5': 'REDACTED'
    'x-ms-lease-status': 'REDACTED'
    'x-ms-lease-state': 'REDACTED'
    'x-ms-blob-type': 'REDACTED'
    'x-ms-server-encrypted': 'REDACTED'
    'Access-Control-Expose-Headers': 'REDACTED'
    'Access-Control-Allow-Origin': 'REDACTED'
    'Date': 'Mon, 08 Dec 2025 12:06:48 GMT'
2025-12-08 12:06:49,220 | INFO     | Processing: 000020244.wav
2025-12-08 12:06:49,220 | INFO     |   [1/1] Detecting language + translating to English...
2025-12-08 12:06:49,281 | INFO     | Processing audio with duration 00:09.520
2025-12-08 12:06:49,302 | INFO     | VAD filter removed 00:00.112 of audio
2025-12-08 12:06:49,586 | INFO     | Detected language 'ta' with probability 0.94
2025-12-08 12:06:49,587 | INFO     |         → Detected: Tamil (ta) - 93.8%
2025-12-08 12:06:50,290 | INFO     |         ✓ Success - 1.07s
2025-12-08 12:06:50,290 | INFO     |         → 22 words
2025-12-08 12:06:50,291 | INFO     | Request URL: 'https://uploadserverstorage1.blob.core.windows.net/transcriptions/tamil/000020244_transcription.json'
Request method: 'PUT'
Request headers:
    'Content-Length': '506'
    'x-ms-blob-type': 'REDACTED'
    'x-ms-version': 'REDACTED'
    'Content-Type': 'application/octet-stream'
    'Accept': 'application/xml'
    'User-Agent': 'azsdk-python-storage-blob/12.27.1 Python/3.12.3 (Linux-6.14.0-1012-azure-x86_64-with-glibc2.39)'
    'x-ms-date': 'REDACTED'
    'x-ms-client-request-id': '609c200a-d42e-11f0-b7f6-7ced8d9fd639'
    'Authorization': 'REDACTED'
A body is sent with the request
2025-12-08 12:06:50,298 | INFO     | Response status: 201
Response headers:
    'Content-Length': '0'
    'Content-MD5': 'REDACTED'
    'Last-Modified': 'Mon, 08 Dec 2025 12:06:50 GMT'
    'ETag': '"0x8DE365244CFB431"'
    'Server': 'Windows-Azure-Blob/1.0 Microsoft-HTTPAPI/2.0'
    'x-ms-request-id': '98bf5f5c-401e-0071-5d3b-689f19000000'
    'x-ms-client-request-id': '609c200a-d42e-11f0-b7f6-7ced8d9fd639'
    'x-ms-version': 'REDACTED'
    'x-ms-content-crc64': 'REDACTED'
    'x-ms-request-server-encrypted': 'REDACTED'
    'Date': 'Mon, 08 Dec 2025 12:06:49 GMT'
2025-12-08 12:06:50,299 | INFO     | Request URL: 'https://uploadserverstorage1.blob.core.windows.net/recordings/tamil/000020278.wav'
Request method: 'GET'
Request headers:
    'x-ms-range': 'REDACTED'
    'x-ms-version': 'REDACTED'
    'Accept': 'application/xml'
    'User-Agent': 'azsdk-python-storage-blob/12.27.1 Python/3.12.3 (Linux-6.14.0-1012-azure-x86_64-with-glibc2.39)'
    'x-ms-date': 'REDACTED'
    'x-ms-client-request-id': '609d5d6b-d42e-11f0-a670-7ced8d9fd639'
    'Authorization': 'REDACTED'
No body was attached to the request
2025-12-08 12:06:50,323 | INFO     | Response status: 206
Response headers:
    'Content-Length': '379244'
    'Content-Type': 'audio/wav'
    'Content-Range': 'REDACTED'
    'Last-Modified': 'Mon, 08 Dec 2025 11:55:49 GMT'
    'Accept-Ranges': 'REDACTED'
    'ETag': '"0x8DE3650BB169C5E"'
    'Server': 'Windows-Azure-Blob/1.0 Microsoft-HTTPAPI/2.0'
    'x-ms-request-id': '98bf5f62-401e-0071-633b-689f19000000'
    'x-ms-client-request-id': '609d5d6b-d42e-11f0-a670-7ced8d9fd639'
    'x-ms-version': 'REDACTED'
    'x-ms-creation-time': 'REDACTED'
    'x-ms-blob-content-md5': 'REDACTED'
    'x-ms-lease-status': 'REDACTED'
    'x-ms-lease-state': 'REDACTED'
    'x-ms-blob-type': 'REDACTED'
    'x-ms-server-encrypted': 'REDACTED'
    'Access-Control-Expose-Headers': 'REDACTED'
    'Access-Control-Allow-Origin': 'REDACTED'
    'Date': 'Mon, 08 Dec 2025 12:06:49 GMT'
2025-12-08 12:06:50,325 | INFO     | Processing: 000020278.wav
2025-12-08 12:06:50,325 | INFO     |   [1/1] Detecting language + translating to English...
2025-12-08 12:06:50,387 | INFO     | Processing audio with duration 00:11.850
2025-12-08 12:06:50,413 | INFO     | VAD filter removed 00:00.304 of audio
2025-12-08 12:06:50,697 | INFO     | Detected language 'ta' with probability 0.98
2025-12-08 12:06:50,698 | INFO     |         → Detected: Tamil (ta) - 97.6%
2025-12-08 12:06:51,314 | INFO     |         ✓ Success - 0.99s
2025-12-08 12:06:51,314 | INFO     |         → 17 words
2025-12-08 12:06:51,315 | INFO     | Request URL: 'https://uploadserverstorage1.blob.core.windows.net/transcriptions/tamil/000020278_transcription.json'
Request method: 'PUT'
Request headers:
    'Content-Length': '498'
    'x-ms-blob-type': 'REDACTED'
    'x-ms-version': 'REDACTED'
    'Content-Type': 'application/octet-stream'
    'Accept': 'application/xml'
    'User-Agent': 'azsdk-python-storage-blob/12.27.1 Python/3.12.3 (Linux-6.14.0-1012-azure-x86_64-with-glibc2.39)'
    'x-ms-date': 'REDACTED'
    'x-ms-client-request-id': '61385092-d42e-11f0-a777-7ced8d9fd639'
    'Authorization': 'REDACTED'
A body is sent with the request
2025-12-08 12:06:51,323 | INFO     | Response status: 201
Response headers:
    'Content-Length': '0'
    'Content-MD5': 'REDACTED'
    'Last-Modified': 'Mon, 08 Dec 2025 12:06:51 GMT'
    'ETag': '"0x8DE3652456C078C"'
    'Server': 'Windows-Azure-Blob/1.0 Microsoft-HTTPAPI/2.0'
    'x-ms-request-id': '98bf6154-401e-0071-2b3b-689f19000000'
    'x-ms-client-request-id': '61385092-d42e-11f0-a777-7ced8d9fd639'
    'x-ms-version': 'REDACTED'
    'x-ms-content-crc64': 'REDACTED'
    'x-ms-request-server-encrypted': 'REDACTED'
    'Date': 'Mon, 08 Dec 2025 12:06:50 GMT'
2025-12-08 12:06:51,323 | INFO     | Request URL: 'https://uploadserverstorage1.blob.core.windows.net/recordings/telugu/000010476.wav'
Request method: 'GET'
Request headers:
    'x-ms-range': 'REDACTED'
    'x-ms-version': 'REDACTED'
    'Accept': 'application/xml'
    'User-Agent': 'azsdk-python-storage-blob/12.27.1 Python/3.12.3 (Linux-6.14.0-1012-azure-x86_64-with-glibc2.39)'
    'x-ms-date': 'REDACTED'
    'x-ms-client-request-id': '6139a5e6-d42e-11f0-b4bd-7ced8d9fd639'
    'Authorization': 'REDACTED'
No body was attached to the request
2025-12-08 12:06:51,348 | INFO     | Response status: 206
Response headers:
    'Content-Length': '316844'
    'Content-Type': 'audio/wav'
    'Content-Range': 'REDACTED'
    'Last-Modified': 'Mon, 08 Dec 2025 11:54:29 GMT'
    'Accept-Ranges': 'REDACTED'
    'ETag': '"0x8DE36508B42F867"'
    'Server': 'Windows-Azure-Blob/1.0 Microsoft-HTTPAPI/2.0'
    'x-ms-request-id': '98bf6159-401e-0071-303b-689f19000000'
    'x-ms-client-request-id': '6139a5e6-d42e-11f0-b4bd-7ced8d9fd639'
    'x-ms-version': 'REDACTED'
    'x-ms-creation-time': 'REDACTED'
    'x-ms-blob-content-md5': 'REDACTED'
    'x-ms-lease-status': 'REDACTED'
    'x-ms-lease-state': 'REDACTED'
    'x-ms-blob-type': 'REDACTED'
    'x-ms-server-encrypted': 'REDACTED'
    'Access-Control-Expose-Headers': 'REDACTED'
    'Access-Control-Allow-Origin': 'REDACTED'
    'Date': 'Mon, 08 Dec 2025 12:06:50 GMT'
2025-12-08 12:06:51,349 | INFO     | Processing: 000010476.wav
2025-12-08 12:06:51,349 | INFO     |   [1/1] Detecting language + translating to English...
2025-12-08 12:06:51,411 | INFO     | Processing audio with duration 00:09.900
2025-12-08 12:06:51,433 | INFO     | VAD filter removed 00:00.080 of audio
2025-12-08 12:06:51,716 | INFO     | Detected language 'te' with probability 0.90
2025-12-08 12:06:51,717 | INFO     |         → Detected: Telugu (te) - 90.3%
2025-12-08 12:06:52,663 | INFO     |         ✓ Success - 1.31s
2025-12-08 12:06:52,663 | INFO     |         → 17 words
2025-12-08 12:06:52,664 | INFO     | Request URL: 'https://uploadserverstorage1.blob.core.windows.net/transcriptions/telugu/000010476_transcription.json'
Request method: 'PUT'
Request headers:
    'Content-Length': '498'
    'x-ms-blob-type': 'REDACTED'
    'x-ms-version': 'REDACTED'
    'Content-Type': 'application/octet-stream'
    'Accept': 'application/xml'
    'User-Agent': 'azsdk-python-storage-blob/12.27.1 Python/3.12.3 (Linux-6.14.0-1012-azure-x86_64-with-glibc2.39)'
    'x-ms-date': 'REDACTED'
    'x-ms-client-request-id': '62062221-d42e-11f0-83dd-7ced8d9fd639'
    'Authorization': 'REDACTED'
A body is sent with the request
2025-12-08 12:06:52,674 | INFO     | Response status: 201
Response headers:
    'Content-Length': '0'
    'Content-MD5': 'REDACTED'
    'Last-Modified': 'Mon, 08 Dec 2025 12:06:52 GMT'
    'ETag': '"0x8DE36524639E196"'
    'Server': 'Windows-Azure-Blob/1.0 Microsoft-HTTPAPI/2.0'
    'x-ms-request-id': '98bf6404-401e-0071-323b-689f19000000'
    'x-ms-client-request-id': '62062221-d42e-11f0-83dd-7ced8d9fd639'
    'x-ms-version': 'REDACTED'
    'x-ms-content-crc64': 'REDACTED'
    'x-ms-request-server-encrypted': 'REDACTED'
    'Date': 'Mon, 08 Dec 2025 12:06:52 GMT'
2025-12-08 12:06:52,675 | INFO     | Request URL: 'https://uploadserverstorage1.blob.core.windows.net/recordings/telugu/000030434.wav'
Request method: 'GET'
Request headers:
    'x-ms-range': 'REDACTED'
    'x-ms-version': 'REDACTED'
    'Accept': 'application/xml'
    'User-Agent': 'azsdk-python-storage-blob/12.27.1 Python/3.12.3 (Linux-6.14.0-1012-azure-x86_64-with-glibc2.39)'
    'x-ms-date': 'REDACTED'
    'x-ms-client-request-id': '6207d773-d42e-11f0-b97c-7ced8d9fd639'
    'Authorization': 'REDACTED'
No body was attached to the request
2025-12-08 12:06:52,681 | INFO     | Response status: 206
Response headers:
    'Content-Length': '241964'
    'Content-Type': 'audio/wav'
    'Content-Range': 'REDACTED'
    'Last-Modified': 'Mon, 08 Dec 2025 11:54:29 GMT'
    'Accept-Ranges': 'REDACTED'
    'ETag': '"0x8DE36508B39B3F3"'
    'Server': 'Windows-Azure-Blob/1.0 Microsoft-HTTPAPI/2.0'
    'x-ms-request-id': '98bf640c-401e-0071-3a3b-689f19000000'
    'x-ms-client-request-id': '6207d773-d42e-11f0-b97c-7ced8d9fd639'
    'x-ms-version': 'REDACTED'
    'x-ms-creation-time': 'REDACTED'
    'x-ms-blob-content-md5': 'REDACTED'
    'x-ms-lease-status': 'REDACTED'
    'x-ms-lease-state': 'REDACTED'
    'x-ms-blob-type': 'REDACTED'
    'x-ms-server-encrypted': 'REDACTED'
    'Access-Control-Expose-Headers': 'REDACTED'
    'Access-Control-Allow-Origin': 'REDACTED'
    'Date': 'Mon, 08 Dec 2025 12:06:52 GMT'
2025-12-08 12:06:52,683 | INFO     | Processing: 000030434.wav
2025-12-08 12:06:52,683 | INFO     |   [1/1] Detecting language + translating to English...
2025-12-08 12:06:52,744 | INFO     | Processing audio with duration 00:07.560
2025-12-08 12:06:52,761 | INFO     | VAD filter removed 00:00.080 of audio
2025-12-08 12:06:53,043 | INFO     | Detected language 'te' with probability 0.90
2025-12-08 12:06:53,044 | INFO     |         → Detected: Telugu (te) - 89.6%
2025-12-08 12:06:55,949 | INFO     |         ✓ Success - 3.27s
2025-12-08 12:06:55,949 | INFO     |         → 17 words
2025-12-08 12:06:55,950 | INFO     | Request URL: 'https://uploadserverstorage1.blob.core.windows.net/transcriptions/telugu/000030434_transcription.json'
Request method: 'PUT'
Request headers:
    'Content-Length': '498'
    'x-ms-blob-type': 'REDACTED'
    'x-ms-version': 'REDACTED'
    'Content-Type': 'application/octet-stream'
    'Accept': 'application/xml'
    'User-Agent': 'azsdk-python-storage-blob/12.27.1 Python/3.12.3 (Linux-6.14.0-1012-azure-x86_64-with-glibc2.39)'
    'x-ms-date': 'REDACTED'
    'x-ms-client-request-id': '63fb9f0f-d42e-11f0-8828-7ced8d9fd639'
    'Authorization': 'REDACTED'
A body is sent with the request
2025-12-08 12:06:55,958 | INFO     | Response status: 201
Response headers:
    'Content-Length': '0'
    'Content-MD5': 'REDACTED'
    'Last-Modified': 'Mon, 08 Dec 2025 12:06:55 GMT'
    'ETag': '"0x8DE3652482F379C"'
    'Server': 'Windows-Azure-Blob/1.0 Microsoft-HTTPAPI/2.0'
    'x-ms-request-id': '98bf6a88-401e-0071-513b-689f19000000'
    'x-ms-client-request-id': '63fb9f0f-d42e-11f0-8828-7ced8d9fd639'
    'x-ms-version': 'REDACTED'
    'x-ms-content-crc64': 'REDACTED'
    'x-ms-request-server-encrypted': 'REDACTED'
    'Date': 'Mon, 08 Dec 2025 12:06:55 GMT'
2025-12-08 12:06:55,959 | INFO     | Request URL: 'https://uploadserverstorage1.blob.core.windows.net/recordings/telugu/000060217.wav'
Request method: 'GET'
Request headers:
    'x-ms-range': 'REDACTED'
    'x-ms-version': 'REDACTED'
    'Accept': 'application/xml'
    'User-Agent': 'azsdk-python-storage-blob/12.27.1 Python/3.12.3 (Linux-6.14.0-1012-azure-x86_64-with-glibc2.39)'
    'x-ms-date': 'REDACTED'
    'x-ms-client-request-id': '63fcec76-d42e-11f0-941b-7ced8d9fd639'
    'Authorization': 'REDACTED'
No body was attached to the request
2025-12-08 12:06:55,964 | INFO     | Response status: 206
Response headers:
    'Content-Length': '232684'
    'Content-Type': 'audio/wav'
    'Content-Range': 'REDACTED'
    'Last-Modified': 'Mon, 08 Dec 2025 11:54:28 GMT'
    'Accept-Ranges': 'REDACTED'
    'ETag': '"0x8DE36508ADC1E32"'
    'Server': 'Windows-Azure-Blob/1.0 Microsoft-HTTPAPI/2.0'
    'x-ms-request-id': '98bf6a8d-401e-0071-563b-689f19000000'
    'x-ms-client-request-id': '63fcec76-d42e-11f0-941b-7ced8d9fd639'
    'x-ms-version': 'REDACTED'
    'x-ms-creation-time': 'REDACTED'
    'x-ms-blob-content-md5': 'REDACTED'
    'x-ms-lease-status': 'REDACTED'
    'x-ms-lease-state': 'REDACTED'
    'x-ms-blob-type': 'REDACTED'
    'x-ms-server-encrypted': 'REDACTED'
    'Access-Control-Expose-Headers': 'REDACTED'
    'Access-Control-Allow-Origin': 'REDACTED'
    'Date': 'Mon, 08 Dec 2025 12:06:55 GMT'
2025-12-08 12:06:55,966 | INFO     | Processing: 000060217.wav
2025-12-08 12:06:55,966 | INFO     |   [1/1] Detecting language + translating to English...
2025-12-08 12:06:56,027 | INFO     | Processing audio with duration 00:07.270
2025-12-08 12:06:56,043 | INFO     | VAD filter removed 00:00.144 of audio
2025-12-08 12:06:56,329 | INFO     | Detected language 'ta' with probability 0.49
2025-12-08 12:06:56,330 | INFO     |         → Detected: Tamil (ta) - 49.5%
2025-12-08 12:06:59,357 | INFO     |         ✓ Success - 3.39s
2025-12-08 12:06:59,357 | INFO     |         → 14 words
2025-12-08 12:06:59,358 | INFO     | Request URL: 'https://uploadserverstorage1.blob.core.windows.net/transcriptions/telugu/000060217_transcription.json'
Request method: 'PUT'
Request headers:
    'Content-Length': '476'
    'x-ms-blob-type': 'REDACTED'
    'x-ms-version': 'REDACTED'
    'Content-Type': 'application/octet-stream'
    'Accept': 'application/xml'
    'User-Agent': 'azsdk-python-storage-blob/12.27.1 Python/3.12.3 (Linux-6.14.0-1012-azure-x86_64-with-glibc2.39)'
    'x-ms-date': 'REDACTED'
    'x-ms-client-request-id': '66039e50-d42e-11f0-8380-7ced8d9fd639'
    'Authorization': 'REDACTED'
A body is sent with the request
2025-12-08 12:06:59,366 | INFO     | Response status: 201
Response headers:
    'Content-Length': '0'
    'Content-MD5': 'REDACTED'
    'Last-Modified': 'Mon, 08 Dec 2025 12:06:59 GMT'
    'ETag': '"0x8DE36524A373D4C"'
    'Server': 'Windows-Azure-Blob/1.0 Microsoft-HTTPAPI/2.0'
    'x-ms-request-id': '98bf70c3-401e-0071-103b-689f19000000'
    'x-ms-client-request-id': '66039e50-d42e-11f0-8380-7ced8d9fd639'
    'x-ms-version': 'REDACTED'
    'x-ms-content-crc64': 'REDACTED'
    'x-ms-request-server-encrypted': 'REDACTED'
    'Date': 'Mon, 08 Dec 2025 12:06:58 GMT'
2025-12-08 12:06:59,367 | INFO     | Request URL: 'https://uploadserverstorage1.blob.core.windows.net/processed-recordings/hindi/01-00022-03.mp3'
Request method: 'PUT'
Request headers:
    'Content-Length': '12285'
    'x-ms-blob-type': 'REDACTED'
    'x-ms-version': 'REDACTED'
    'Content-Type': 'application/octet-stream'
    'Accept': 'application/xml'
    'User-Agent': 'azsdk-python-storage-blob/12.27.1 Python/3.12.3 (Linux-6.14.0-1012-azure-x86_64-with-glibc2.39)'
    'x-ms-date': 'REDACTED'
    'x-ms-client-request-id': '66050102-d42e-11f0-8b4d-7ced8d9fd639'
    'Authorization': 'REDACTED'
A body is sent with the request
2025-12-08 12:06:59,376 | INFO     | Response status: 201
Response headers:
    'Content-Length': '0'
    'Content-MD5': 'REDACTED'
    'Last-Modified': 'Mon, 08 Dec 2025 12:06:59 GMT'
    'ETag': '"0x8DE36524A389B56"'
    'Server': 'Windows-Azure-Blob/1.0 Microsoft-HTTPAPI/2.0'
    'x-ms-request-id': '98bf70c7-401e-0071-143b-689f19000000'
    'x-ms-client-request-id': '66050102-d42e-11f0-8b4d-7ced8d9fd639'
    'x-ms-version': 'REDACTED'
    'x-ms-content-crc64': 'REDACTED'
    'x-ms-request-server-encrypted': 'REDACTED'
    'Date': 'Mon, 08 Dec 2025 12:06:58 GMT'
2025-12-08 12:06:59,376 | INFO     | Request URL: 'https://uploadserverstorage1.blob.core.windows.net/processed-recordings/hindi/01-00033-01.mp3'
Request method: 'PUT'
Request headers:
    'Content-Length': '9693'
    'x-ms-blob-type': 'REDACTED'
    'x-ms-version': 'REDACTED'
    'Content-Type': 'application/octet-stream'
    'Accept': 'application/xml'
    'User-Agent': 'azsdk-python-storage-blob/12.27.1 Python/3.12.3 (Linux-6.14.0-1012-azure-x86_64-with-glibc2.39)'
    'x-ms-date': 'REDACTED'
    'x-ms-client-request-id': '66066892-d42e-11f0-a3f9-7ced8d9fd639'
    'Authorization': 'REDACTED'
A body is sent with the request
2025-12-08 12:06:59,384 | INFO     | Response status: 201
Response headers:
    'Content-Length': '0'
    'Content-MD5': 'REDACTED'
    'Last-Modified': 'Mon, 08 Dec 2025 12:06:59 GMT'
    'ETag': '"0x8DE36524A39F95E"'
    'Server': 'Windows-Azure-Blob/1.0 Microsoft-HTTPAPI/2.0'
    'x-ms-request-id': '98bf70cc-401e-0071-183b-689f19000000'
    'x-ms-client-request-id': '66066892-d42e-11f0-a3f9-7ced8d9fd639'
    'x-ms-version': 'REDACTED'
    'x-ms-content-crc64': 'REDACTED'
    'x-ms-request-server-encrypted': 'REDACTED'
    'Date': 'Mon, 08 Dec 2025 12:06:59 GMT'
2025-12-08 12:06:59,385 | INFO     | Request URL: 'https://uploadserverstorage1.blob.core.windows.net/processed-recordings/tamil/000020009.wav'
Request method: 'PUT'
Request headers:
    'Content-Length': '216684'
    'x-ms-blob-type': 'REDACTED'
    'x-ms-version': 'REDACTED'
    'Content-Type': 'application/octet-stream'
    'Accept': 'application/xml'
    'User-Agent': 'azsdk-python-storage-blob/12.27.1 Python/3.12.3 (Linux-6.14.0-1012-azure-x86_64-with-glibc2.39)'
    'x-ms-date': 'REDACTED'
    'x-ms-client-request-id': '6607b21c-d42e-11f0-a8f5-7ced8d9fd639'
    'Authorization': 'REDACTED'
A body is sent with the request
2025-12-08 12:06:59,397 | INFO     | Response status: 201
Response headers:
    'Content-Length': '0'
    'Content-MD5': 'REDACTED'
    'Last-Modified': 'Mon, 08 Dec 2025 12:06:59 GMT'
    'ETag': '"0x8DE36524A3BCC0C"'
    'Server': 'Windows-Azure-Blob/1.0 Microsoft-HTTPAPI/2.0'
    'x-ms-request-id': '98bf70d4-401e-0071-1e3b-689f19000000'
    'x-ms-client-request-id': '6607b21c-d42e-11f0-a8f5-7ced8d9fd639'
    'x-ms-version': 'REDACTED'
    'x-ms-content-crc64': 'REDACTED'
    'x-ms-request-server-encrypted': 'REDACTED'
    'Date': 'Mon, 08 Dec 2025 12:06:59 GMT'
2025-12-08 12:06:59,398 | INFO     | Request URL: 'https://uploadserverstorage1.blob.core.windows.net/processed-recordings/tamil/000020244.wav'
Request method: 'PUT'
Request headers:
    'Content-Length': '304684'
    'x-ms-blob-type': 'REDACTED'
    'x-ms-version': 'REDACTED'
    'Content-Type': 'application/octet-stream'
    'Accept': 'application/xml'
    'User-Agent': 'azsdk-python-storage-blob/12.27.1 Python/3.12.3 (Linux-6.14.0-1012-azure-x86_64-with-glibc2.39)'
    'x-ms-date': 'REDACTED'
    'x-ms-client-request-id': '6609c19d-d42e-11f0-ac5d-7ced8d9fd639'
    'Authorization': 'REDACTED'
A body is sent with the request
2025-12-08 12:06:59,441 | INFO     | Response status: 201
Response headers:
    'Content-Length': '0'
    'Content-MD5': 'REDACTED'
    'Last-Modified': 'Mon, 08 Dec 2025 12:06:59 GMT'
    'ETag': '"0x8DE36524A427B47"'
    'Server': 'Windows-Azure-Blob/1.0 Microsoft-HTTPAPI/2.0'
    'x-ms-request-id': '98bf70db-401e-0071-253b-689f19000000'
    'x-ms-client-request-id': '6609c19d-d42e-11f0-ac5d-7ced8d9fd639'
    'x-ms-version': 'REDACTED'
    'x-ms-content-crc64': 'REDACTED'
    'x-ms-request-server-encrypted': 'REDACTED'
    'Date': 'Mon, 08 Dec 2025 12:06:59 GMT'
2025-12-08 12:06:59,441 | INFO     | Request URL: 'https://uploadserverstorage1.blob.core.windows.net/processed-recordings/tamil/000020278.wav'
Request method: 'PUT'
Request headers:
    'Content-Length': '379244'
    'x-ms-blob-type': 'REDACTED'
    'x-ms-version': 'REDACTED'
    'Content-Type': 'application/octet-stream'
    'Accept': 'application/xml'
    'User-Agent': 'azsdk-python-storage-blob/12.27.1 Python/3.12.3 (Linux-6.14.0-1012-azure-x86_64-with-glibc2.39)'
    'x-ms-date': 'REDACTED'
    'x-ms-client-request-id': '661057b9-d42e-11f0-83ca-7ced8d9fd639'
    'Authorization': 'REDACTED'
A body is sent with the request
2025-12-08 12:06:59,503 | INFO     | Response status: 201
Response headers:
    'Content-Length': '0'
    'Content-MD5': 'REDACTED'
    'Last-Modified': 'Mon, 08 Dec 2025 12:06:59 GMT'
    'ETag': '"0x8DE36524A4BE694"'
    'Server': 'Windows-Azure-Blob/1.0 Microsoft-HTTPAPI/2.0'
    'x-ms-request-id': '98bf70f3-401e-0071-3b3b-689f19000000'
    'x-ms-client-request-id': '661057b9-d42e-11f0-83ca-7ced8d9fd639'
    'x-ms-version': 'REDACTED'
    'x-ms-content-crc64': 'REDACTED'
    'x-ms-request-server-encrypted': 'REDACTED'
    'Date': 'Mon, 08 Dec 2025 12:06:59 GMT'
2025-12-08 12:06:59,503 | INFO     | Request URL: 'https://uploadserverstorage1.blob.core.windows.net/processed-recordings/telugu/000010476.wav'
Request method: 'PUT'
Request headers:
    'Content-Length': '316844'
    'x-ms-blob-type': 'REDACTED'
    'x-ms-version': 'REDACTED'
    'Content-Type': 'application/octet-stream'
    'Accept': 'application/xml'
    'User-Agent': 'azsdk-python-storage-blob/12.27.1 Python/3.12.3 (Linux-6.14.0-1012-azure-x86_64-with-glibc2.39)'
    'x-ms-date': 'REDACTED'
    'x-ms-client-request-id': '6619d366-d42e-11f0-8de6-7ced8d9fd639'
    'Authorization': 'REDACTED'
A body is sent with the request
2025-12-08 12:06:59,539 | INFO     | Response status: 201
Response headers:
    'Content-Length': '0'
    'Content-MD5': 'REDACTED'
    'Last-Modified': 'Mon, 08 Dec 2025 12:06:59 GMT'
    'ETag': '"0x8DE36524A518587"'
    'Server': 'Windows-Azure-Blob/1.0 Microsoft-HTTPAPI/2.0'
    'x-ms-request-id': '98bf7113-401e-0071-5a3b-689f19000000'
    'x-ms-client-request-id': '6619d366-d42e-11f0-8de6-7ced8d9fd639'
    'x-ms-version': 'REDACTED'
    'x-ms-content-crc64': 'REDACTED'
    'x-ms-request-server-encrypted': 'REDACTED'
    'Date': 'Mon, 08 Dec 2025 12:06:59 GMT'
2025-12-08 12:06:59,540 | INFO     | Request URL: 'https://uploadserverstorage1.blob.core.windows.net/processed-recordings/telugu/000030434.wav'
Request method: 'PUT'
Request headers:
    'Content-Length': '241964'
    'x-ms-blob-type': 'REDACTED'
    'x-ms-version': 'REDACTED'
    'Content-Type': 'application/octet-stream'
    'Accept': 'application/xml'
    'User-Agent': 'azsdk-python-storage-blob/12.27.1 Python/3.12.3 (Linux-6.14.0-1012-azure-x86_64-with-glibc2.39)'
    'x-ms-date': 'REDACTED'
    'x-ms-client-request-id': '661f5b45-d42e-11f0-8620-7ced8d9fd639'
    'Authorization': 'REDACTED'
A body is sent with the request
2025-12-08 12:06:59,550 | INFO     | Response status: 201
Response headers:
    'Content-Length': '0'
    'Content-MD5': 'REDACTED'
    'Last-Modified': 'Mon, 08 Dec 2025 12:06:59 GMT'
    'ETag': '"0x8DE36524A535837"'
    'Server': 'Windows-Azure-Blob/1.0 Microsoft-HTTPAPI/2.0'
    'x-ms-request-id': '98bf7138-401e-0071-793b-689f19000000'
    'x-ms-client-request-id': '661f5b45-d42e-11f0-8620-7ced8d9fd639'
    'x-ms-version': 'REDACTED'
    'x-ms-content-crc64': 'REDACTED'
    'x-ms-request-server-encrypted': 'REDACTED'
    'Date': 'Mon, 08 Dec 2025 12:06:59 GMT'
2025-12-08 12:06:59,551 | INFO     | Request URL: 'https://uploadserverstorage1.blob.core.windows.net/processed-recordings/telugu/000060217.wav'
Request method: 'PUT'
Request headers:
    'Content-Length': '232684'
    'x-ms-blob-type': 'REDACTED'
    'x-ms-version': 'REDACTED'
    'Content-Type': 'application/octet-stream'
    'Accept': 'application/xml'
    'User-Agent': 'azsdk-python-storage-blob/12.27.1 Python/3.12.3 (Linux-6.14.0-1012-azure-x86_64-with-glibc2.39)'
    'x-ms-date': 'REDACTED'
    'x-ms-client-request-id': '66211689-d42e-11f0-aaff-7ced8d9fd639'
    'Authorization': 'REDACTED'
A body is sent with the request
2025-12-08 12:06:59,562 | INFO     | Response status: 201
Response headers:
    'Content-Length': '0'
    'Content-MD5': 'REDACTED'
    'Last-Modified': 'Mon, 08 Dec 2025 12:06:59 GMT'
    'ETag': '"0x8DE36524A55040D"'
    'Server': 'Windows-Azure-Blob/1.0 Microsoft-HTTPAPI/2.0'
    'x-ms-request-id': '98bf7141-401e-0071-013b-689f19000000'
    'x-ms-client-request-id': '66211689-d42e-11f0-aaff-7ced8d9fd639'
    'x-ms-version': 'REDACTED'
    'x-ms-content-crc64': 'REDACTED'
    'x-ms-request-server-encrypted': 'REDACTED'
    'Date': 'Mon, 08 Dec 2025 12:06:59 GMT'
2025-12-08 12:06:59,562 | INFO     | Request URL: 'https://uploadserverstorage1.blob.core.windows.net/recordings/hindi/01-00022-03.mp3'
Request method: 'HEAD'
Request headers:
    'x-ms-version': 'REDACTED'
    'Accept': 'application/xml'
    'User-Agent': 'azsdk-python-storage-blob/12.27.1 Python/3.12.3 (Linux-6.14.0-1012-azure-x86_64-with-glibc2.39)'
    'x-ms-date': 'REDACTED'
    'x-ms-client-request-id': '6622cadf-d42e-11f0-bb36-7ced8d9fd639'
    'Authorization': 'REDACTED'
No body was attached to the request
2025-12-08 12:06:59,566 | INFO     | Response status: 200
Response headers:
    'Content-Length': '12285'
    'Content-Type': 'audio/mpeg'
    'Content-MD5': 'REDACTED'
    'Last-Modified': 'Mon, 08 Dec 2025 11:49:33 GMT'
    'Accept-Ranges': 'REDACTED'
    'ETag': '"0x8DE364FDAFE2375"'
    'Vary': 'REDACTED'
    'Server': 'Windows-Azure-Blob/1.0 Microsoft-HTTPAPI/2.0'
    'x-ms-request-id': '98bf714e-401e-0071-0a3b-689f19000000'
    'x-ms-client-request-id': '6622cadf-d42e-11f0-bb36-7ced8d9fd639'
    'x-ms-version': 'REDACTED'
    'x-ms-creation-time': 'REDACTED'
    'x-ms-lease-status': 'REDACTED'
    'x-ms-lease-state': 'REDACTED'
    'x-ms-blob-type': 'REDACTED'
    'x-ms-server-encrypted': 'REDACTED'
    'x-ms-access-tier': 'REDACTED'
    'x-ms-access-tier-inferred': 'REDACTED'
    'Date': 'Mon, 08 Dec 2025 12:06:59 GMT'
2025-12-08 12:06:59,566 | INFO     | Request URL: 'https://uploadserverstorage1.blob.core.windows.net/processed-recordings/hindi/01-00022-03.mp3'
Request method: 'HEAD'
Request headers:
    'x-ms-version': 'REDACTED'
    'Accept': 'application/xml'
    'User-Agent': 'azsdk-python-storage-blob/12.27.1 Python/3.12.3 (Linux-6.14.0-1012-azure-x86_64-with-glibc2.39)'
    'x-ms-date': 'REDACTED'
    'x-ms-client-request-id': '66237326-d42e-11f0-b391-7ced8d9fd639'
    'Authorization': 'REDACTED'
No body was attached to the request
2025-12-08 12:06:59,571 | INFO     | Response status: 200
Response headers:
    'Content-Length': '12285'
    'Content-Type': 'application/octet-stream'
    'Content-MD5': 'REDACTED'
    'Last-Modified': 'Mon, 08 Dec 2025 12:06:59 GMT'
    'Accept-Ranges': 'REDACTED'
    'ETag': '"0x8DE36524A389B56"'
    'Vary': 'REDACTED'
    'Server': 'Windows-Azure-Blob/1.0 Microsoft-HTTPAPI/2.0'
    'x-ms-request-id': '98bf7152-401e-0071-0d3b-689f19000000'
    'x-ms-client-request-id': '66237326-d42e-11f0-b391-7ced8d9fd639'
    'x-ms-version': 'REDACTED'
    'x-ms-creation-time': 'REDACTED'
    'x-ms-lease-status': 'REDACTED'
    'x-ms-lease-state': 'REDACTED'
    'x-ms-blob-type': 'REDACTED'
    'x-ms-server-encrypted': 'REDACTED'
    'x-ms-access-tier': 'REDACTED'
    'x-ms-access-tier-inferred': 'REDACTED'
    'Date': 'Mon, 08 Dec 2025 12:06:59 GMT'
2025-12-08 12:06:59,572 | INFO     | Request URL: 'https://uploadserverstorage1.blob.core.windows.net/recordings/hindi/01-00022-03.mp3'
Request method: 'DELETE'
Request headers:
    'x-ms-version': 'REDACTED'
    'Accept': 'application/xml'
    'User-Agent': 'azsdk-python-storage-blob/12.27.1 Python/3.12.3 (Linux-6.14.0-1012-azure-x86_64-with-glibc2.39)'
    'x-ms-date': 'REDACTED'
    'x-ms-client-request-id': '6624415d-d42e-11f0-9ee7-7ced8d9fd639'
    'Authorization': 'REDACTED'
No body was attached to the request
2025-12-08 12:06:59,578 | INFO     | Response status: 202
Response headers:
    'Content-Length': '0'
    'Server': 'Windows-Azure-Blob/1.0 Microsoft-HTTPAPI/2.0'
    'x-ms-request-id': '98bf7157-401e-0071-113b-689f19000000'
    'x-ms-client-request-id': '6624415d-d42e-11f0-9ee7-7ced8d9fd639'
    'x-ms-version': 'REDACTED'
    'x-ms-delete-type-permanent': 'REDACTED'
    'Date': 'Mon, 08 Dec 2025 12:06:59 GMT'
2025-12-08 12:06:59,579 | INFO     | Request URL: 'https://uploadserverstorage1.blob.core.windows.net/recordings/hindi/01-00033-01.mp3'
Request method: 'HEAD'
Request headers:
    'x-ms-version': 'REDACTED'
    'Accept': 'application/xml'
    'User-Agent': 'azsdk-python-storage-blob/12.27.1 Python/3.12.3 (Linux-6.14.0-1012-azure-x86_64-with-glibc2.39)'
    'x-ms-date': 'REDACTED'
    'x-ms-client-request-id': '66255aab-d42e-11f0-92dc-7ced8d9fd639'
    'Authorization': 'REDACTED'
No body was attached to the request
2025-12-08 12:06:59,582 | INFO     | Response status: 200
Response headers:
    'Content-Length': '9693'
    'Content-Type': 'audio/mpeg'
    'Content-MD5': 'REDACTED'
    'Last-Modified': 'Mon, 08 Dec 2025 11:49:33 GMT'
    'Accept-Ranges': 'REDACTED'
    'ETag': '"0x8DE364FDAFE713E"'
    'Vary': 'REDACTED'
    'Server': 'Windows-Azure-Blob/1.0 Microsoft-HTTPAPI/2.0'
    'x-ms-request-id': '98bf7162-401e-0071-1b3b-689f19000000'
    'x-ms-client-request-id': '66255aab-d42e-11f0-92dc-7ced8d9fd639'
    'x-ms-version': 'REDACTED'
    'x-ms-creation-time': 'REDACTED'
    'x-ms-lease-status': 'REDACTED'
    'x-ms-lease-state': 'REDACTED'
    'x-ms-blob-type': 'REDACTED'
    'x-ms-server-encrypted': 'REDACTED'
    'x-ms-access-tier': 'REDACTED'
    'x-ms-access-tier-inferred': 'REDACTED'
    'Date': 'Mon, 08 Dec 2025 12:06:59 GMT'
2025-12-08 12:06:59,583 | INFO     | Request URL: 'https://uploadserverstorage1.blob.core.windows.net/processed-recordings/hindi/01-00033-01.mp3'
Request method: 'HEAD'
Request headers:
    'x-ms-version': 'REDACTED'
    'Accept': 'application/xml'
    'User-Agent': 'azsdk-python-storage-blob/12.27.1 Python/3.12.3 (Linux-6.14.0-1012-azure-x86_64-with-glibc2.39)'
    'x-ms-date': 'REDACTED'
    'x-ms-client-request-id': '6625f8d4-d42e-11f0-bb56-7ced8d9fd639'
    'Authorization': 'REDACTED'
No body was attached to the request
2025-12-08 12:06:59,586 | INFO     | Response status: 200
Response headers:
    'Content-Length': '9693'
    'Content-Type': 'application/octet-stream'
    'Content-MD5': 'REDACTED'
    'Last-Modified': 'Mon, 08 Dec 2025 12:06:59 GMT'
    'Accept-Ranges': 'REDACTED'
    'ETag': '"0x8DE36524A39F95E"'
    'Vary': 'REDACTED'
    'Server': 'Windows-Azure-Blob/1.0 Microsoft-HTTPAPI/2.0'
    'x-ms-request-id': '98bf7169-401e-0071-223b-689f19000000'
    'x-ms-client-request-id': '6625f8d4-d42e-11f0-bb56-7ced8d9fd639'
    'x-ms-version': 'REDACTED'
    'x-ms-creation-time': 'REDACTED'
    'x-ms-lease-status': 'REDACTED'
    'x-ms-lease-state': 'REDACTED'
    'x-ms-blob-type': 'REDACTED'
    'x-ms-server-encrypted': 'REDACTED'
    'x-ms-access-tier': 'REDACTED'
    'x-ms-access-tier-inferred': 'REDACTED'
    'Date': 'Mon, 08 Dec 2025 12:06:59 GMT'
2025-12-08 12:06:59,587 | INFO     | Request URL: 'https://uploadserverstorage1.blob.core.windows.net/recordings/hindi/01-00033-01.mp3'
Request method: 'DELETE'
Request headers:
    'x-ms-version': 'REDACTED'
    'Accept': 'application/xml'
    'User-Agent': 'azsdk-python-storage-blob/12.27.1 Python/3.12.3 (Linux-6.14.0-1012-azure-x86_64-with-glibc2.39)'
    'x-ms-date': 'REDACTED'
    'x-ms-client-request-id': '662691ae-d42e-11f0-93ed-7ced8d9fd639'
    'Authorization': 'REDACTED'
No body was attached to the request
2025-12-08 12:06:59,592 | INFO     | Response status: 202
Response headers:
    'Content-Length': '0'
    'Server': 'Windows-Azure-Blob/1.0 Microsoft-HTTPAPI/2.0'
    'x-ms-request-id': '98bf716b-401e-0071-243b-689f19000000'
    'x-ms-client-request-id': '662691ae-d42e-11f0-93ed-7ced8d9fd639'
    'x-ms-version': 'REDACTED'
    'x-ms-delete-type-permanent': 'REDACTED'
    'Date': 'Mon, 08 Dec 2025 12:06:59 GMT'
2025-12-08 12:06:59,593 | INFO     | Request URL: 'https://uploadserverstorage1.blob.core.windows.net/recordings/tamil/000020009.wav'
Request method: 'HEAD'
Request headers:
    'x-ms-version': 'REDACTED'
    'Accept': 'application/xml'
    'User-Agent': 'azsdk-python-storage-blob/12.27.1 Python/3.12.3 (Linux-6.14.0-1012-azure-x86_64-with-glibc2.39)'
    'x-ms-date': 'REDACTED'
    'x-ms-client-request-id': '66277daf-d42e-11f0-ad55-7ced8d9fd639'
    'Authorization': 'REDACTED'
No body was attached to the request
2025-12-08 12:06:59,596 | INFO     | Response status: 200
Response headers:
    'Content-Length': '216684'
    'Content-Type': 'audio/wav'
    'Content-MD5': 'REDACTED'
    'Last-Modified': 'Mon, 08 Dec 2025 11:55:49 GMT'
    'Accept-Ranges': 'REDACTED'
    'ETag': '"0x8DE3650BAD74256"'
    'Vary': 'REDACTED'
    'Server': 'Windows-Azure-Blob/1.0 Microsoft-HTTPAPI/2.0'
    'x-ms-request-id': '98bf716f-401e-0071-283b-689f19000000'
    'x-ms-client-request-id': '66277daf-d42e-11f0-ad55-7ced8d9fd639'
    'x-ms-version': 'REDACTED'
    'x-ms-creation-time': 'REDACTED'
    'x-ms-lease-status': 'REDACTED'
    'x-ms-lease-state': 'REDACTED'
    'x-ms-blob-type': 'REDACTED'
    'x-ms-server-encrypted': 'REDACTED'
    'x-ms-access-tier': 'REDACTED'
    'x-ms-access-tier-inferred': 'REDACTED'
    'Date': 'Mon, 08 Dec 2025 12:06:59 GMT'
2025-12-08 12:06:59,597 | INFO     | Request URL: 'https://uploadserverstorage1.blob.core.windows.net/processed-recordings/tamil/000020009.wav'
Request method: 'HEAD'
Request headers:
    'x-ms-version': 'REDACTED'
    'Accept': 'application/xml'
    'User-Agent': 'azsdk-python-storage-blob/12.27.1 Python/3.12.3 (Linux-6.14.0-1012-azure-x86_64-with-glibc2.39)'
    'x-ms-date': 'REDACTED'
    'x-ms-client-request-id': '66281d99-d42e-11f0-aa4f-7ced8d9fd639'
    'Authorization': 'REDACTED'
No body was attached to the request
2025-12-08 12:06:59,600 | INFO     | Response status: 200
Response headers:
    'Content-Length': '216684'
    'Content-Type': 'application/octet-stream'
    'Content-MD5': 'REDACTED'
    'Last-Modified': 'Mon, 08 Dec 2025 12:06:59 GMT'
    'Accept-Ranges': 'REDACTED'
    'ETag': '"0x8DE36524A3BCC0C"'
    'Vary': 'REDACTED'
    'Server': 'Windows-Azure-Blob/1.0 Microsoft-HTTPAPI/2.0'
    'x-ms-request-id': '98bf7173-401e-0071-2c3b-689f19000000'
    'x-ms-client-request-id': '66281d99-d42e-11f0-aa4f-7ced8d9fd639'
    'x-ms-version': 'REDACTED'
    'x-ms-creation-time': 'REDACTED'
    'x-ms-lease-status': 'REDACTED'
    'x-ms-lease-state': 'REDACTED'
    'x-ms-blob-type': 'REDACTED'
    'x-ms-server-encrypted': 'REDACTED'
    'x-ms-access-tier': 'REDACTED'
    'x-ms-access-tier-inferred': 'REDACTED'
    'Date': 'Mon, 08 Dec 2025 12:06:59 GMT'
2025-12-08 12:06:59,601 | INFO     | Request URL: 'https://uploadserverstorage1.blob.core.windows.net/recordings/tamil/000020009.wav'
Request method: 'DELETE'
Request headers:
    'x-ms-version': 'REDACTED'
    'Accept': 'application/xml'
    'User-Agent': 'azsdk-python-storage-blob/12.27.1 Python/3.12.3 (Linux-6.14.0-1012-azure-x86_64-with-glibc2.39)'
    'x-ms-date': 'REDACTED'
    'x-ms-client-request-id': '6628b333-d42e-11f0-b5ad-7ced8d9fd639'
    'Authorization': 'REDACTED'
No body was attached to the request
2025-12-08 12:06:59,606 | INFO     | Response status: 202
Response headers:
    'Content-Length': '0'
    'Server': 'Windows-Azure-Blob/1.0 Microsoft-HTTPAPI/2.0'
    'x-ms-request-id': '98bf7177-401e-0071-303b-689f19000000'
    'x-ms-client-request-id': '6628b333-d42e-11f0-b5ad-7ced8d9fd639'
    'x-ms-version': 'REDACTED'
    'x-ms-delete-type-permanent': 'REDACTED'
    'Date': 'Mon, 08 Dec 2025 12:06:59 GMT'
2025-12-08 12:06:59,607 | INFO     | Request URL: 'https://uploadserverstorage1.blob.core.windows.net/recordings/tamil/000020244.wav'
Request method: 'HEAD'
Request headers:
    'x-ms-version': 'REDACTED'
    'Accept': 'application/xml'
    'User-Agent': 'azsdk-python-storage-blob/12.27.1 Python/3.12.3 (Linux-6.14.0-1012-azure-x86_64-with-glibc2.39)'
    'x-ms-date': 'REDACTED'
    'x-ms-client-request-id': '6629a21b-d42e-11f0-a0a3-7ced8d9fd639'
    'Authorization': 'REDACTED'
No body was attached to the request
2025-12-08 12:06:59,611 | INFO     | Response status: 200
Response headers:
    'Content-Length': '304684'
    'Content-Type': 'audio/wav'
    'Content-MD5': 'REDACTED'
    'Last-Modified': 'Mon, 08 Dec 2025 11:55:49 GMT'
    'Accept-Ranges': 'REDACTED'
    'ETag': '"0x8DE3650BAF887B4"'
    'Vary': 'REDACTED'
    'Server': 'Windows-Azure-Blob/1.0 Microsoft-HTTPAPI/2.0'
    'x-ms-request-id': '98bf717a-401e-0071-333b-689f19000000'
    'x-ms-client-request-id': '6629a21b-d42e-11f0-a0a3-7ced8d9fd639'
    'x-ms-version': 'REDACTED'
    'x-ms-creation-time': 'REDACTED'
    'x-ms-lease-status': 'REDACTED'
    'x-ms-lease-state': 'REDACTED'
    'x-ms-blob-type': 'REDACTED'
    'x-ms-server-encrypted': 'REDACTED'
    'x-ms-access-tier': 'REDACTED'
    'x-ms-access-tier-inferred': 'REDACTED'
    'Date': 'Mon, 08 Dec 2025 12:06:59 GMT'
2025-12-08 12:06:59,611 | INFO     | Request URL: 'https://uploadserverstorage1.blob.core.windows.net/processed-recordings/tamil/000020244.wav'
Request method: 'HEAD'
Request headers:
    'x-ms-version': 'REDACTED'
    'Accept': 'application/xml'
    'User-Agent': 'azsdk-python-storage-blob/12.27.1 Python/3.12.3 (Linux-6.14.0-1012-azure-x86_64-with-glibc2.39)'
    'x-ms-date': 'REDACTED'
    'x-ms-client-request-id': '662a43a4-d42e-11f0-9559-7ced8d9fd639'
    'Authorization': 'REDACTED'
No body was attached to the request
2025-12-08 12:06:59,615 | INFO     | Response status: 200
Response headers:
    'Content-Length': '304684'
    'Content-Type': 'application/octet-stream'
    'Content-MD5': 'REDACTED'
    'Last-Modified': 'Mon, 08 Dec 2025 12:06:59 GMT'
    'Accept-Ranges': 'REDACTED'
    'ETag': '"0x8DE36524A427B47"'
    'Vary': 'REDACTED'
    'Server': 'Windows-Azure-Blob/1.0 Microsoft-HTTPAPI/2.0'
    'x-ms-request-id': '98bf717b-401e-0071-343b-689f19000000'
    'x-ms-client-request-id': '662a43a4-d42e-11f0-9559-7ced8d9fd639'
    'x-ms-version': 'REDACTED'
    'x-ms-creation-time': 'REDACTED'
    'x-ms-lease-status': 'REDACTED'
    'x-ms-lease-state': 'REDACTED'
    'x-ms-blob-type': 'REDACTED'
    'x-ms-server-encrypted': 'REDACTED'
    'x-ms-access-tier': 'REDACTED'
    'x-ms-access-tier-inferred': 'REDACTED'
    'Date': 'Mon, 08 Dec 2025 12:06:59 GMT'
2025-12-08 12:06:59,615 | INFO     | Request URL: 'https://uploadserverstorage1.blob.core.windows.net/recordings/tamil/000020244.wav'
Request method: 'DELETE'
Request headers:
    'x-ms-version': 'REDACTED'
    'Accept': 'application/xml'
    'User-Agent': 'azsdk-python-storage-blob/12.27.1 Python/3.12.3 (Linux-6.14.0-1012-azure-x86_64-with-glibc2.39)'
    'x-ms-date': 'REDACTED'
    'x-ms-client-request-id': '662ae973-d42e-11f0-ab76-7ced8d9fd639'
    'Authorization': 'REDACTED'
No body was attached to the request
2025-12-08 12:06:59,622 | INFO     | Response status: 202
Response headers:
    'Content-Length': '0'
    'Server': 'Windows-Azure-Blob/1.0 Microsoft-HTTPAPI/2.0'
    'x-ms-request-id': '98bf717c-401e-0071-353b-689f19000000'
    'x-ms-client-request-id': '662ae973-d42e-11f0-ab76-7ced8d9fd639'
    'x-ms-version': 'REDACTED'
    'x-ms-delete-type-permanent': 'REDACTED'
    'Date': 'Mon, 08 Dec 2025 12:06:59 GMT'
2025-12-08 12:06:59,623 | INFO     | Request URL: 'https://uploadserverstorage1.blob.core.windows.net/recordings/tamil/000020278.wav'
Request method: 'HEAD'
Request headers:
    'x-ms-version': 'REDACTED'
    'Accept': 'application/xml'
    'User-Agent': 'azsdk-python-storage-blob/12.27.1 Python/3.12.3 (Linux-6.14.0-1012-azure-x86_64-with-glibc2.39)'
    'x-ms-date': 'REDACTED'
    'x-ms-client-request-id': '662c1057-d42e-11f0-8ec9-7ced8d9fd639'
    'Authorization': 'REDACTED'
No body was attached to the request
2025-12-08 12:06:59,628 | INFO     | Response status: 200
Response headers:
    'Content-Length': '379244'
    'Content-Type': 'audio/wav'
    'Content-MD5': 'REDACTED'
    'Last-Modified': 'Mon, 08 Dec 2025 11:55:49 GMT'
    'Accept-Ranges': 'REDACTED'
    'ETag': '"0x8DE3650BB169C5E"'
    'Vary': 'REDACTED'
    'Server': 'Windows-Azure-Blob/1.0 Microsoft-HTTPAPI/2.0'
    'x-ms-request-id': '98bf7180-401e-0071-393b-689f19000000'
    'x-ms-client-request-id': '662c1057-d42e-11f0-8ec9-7ced8d9fd639'
    'x-ms-version': 'REDACTED'
    'x-ms-creation-time': 'REDACTED'
    'x-ms-lease-status': 'REDACTED'
    'x-ms-lease-state': 'REDACTED'
    'x-ms-blob-type': 'REDACTED'
    'x-ms-server-encrypted': 'REDACTED'
    'x-ms-access-tier': 'REDACTED'
    'x-ms-access-tier-inferred': 'REDACTED'
    'Date': 'Mon, 08 Dec 2025 12:06:59 GMT'
2025-12-08 12:06:59,628 | INFO     | Request URL: 'https://uploadserverstorage1.blob.core.windows.net/processed-recordings/tamil/000020278.wav'
Request method: 'HEAD'
Request headers:
    'x-ms-version': 'REDACTED'
    'Accept': 'application/xml'
    'User-Agent': 'azsdk-python-storage-blob/12.27.1 Python/3.12.3 (Linux-6.14.0-1012-azure-x86_64-with-glibc2.39)'
    'x-ms-date': 'REDACTED'
    'x-ms-client-request-id': '662ce337-d42e-11f0-9cc4-7ced8d9fd639'
    'Authorization': 'REDACTED'
No body was attached to the request
2025-12-08 12:06:59,642 | INFO     | Response status: 200
Response headers:
    'Content-Length': '379244'
    'Content-Type': 'application/octet-stream'
    'Content-MD5': 'REDACTED'
    'Last-Modified': 'Mon, 08 Dec 2025 12:06:59 GMT'
    'Accept-Ranges': 'REDACTED'
    'ETag': '"0x8DE36524A4BE694"'
    'Vary': 'REDACTED'
    'Server': 'Windows-Azure-Blob/1.0 Microsoft-HTTPAPI/2.0'
    'x-ms-request-id': '98bf7188-401e-0071-413b-689f19000000'
    'x-ms-client-request-id': '662ce337-d42e-11f0-9cc4-7ced8d9fd639'
    'x-ms-version': 'REDACTED'
    'x-ms-creation-time': 'REDACTED'
    'x-ms-lease-status': 'REDACTED'
    'x-ms-lease-state': 'REDACTED'
    'x-ms-blob-type': 'REDACTED'
    'x-ms-server-encrypted': 'REDACTED'
    'x-ms-access-tier': 'REDACTED'
    'x-ms-access-tier-inferred': 'REDACTED'
    'Date': 'Mon, 08 Dec 2025 12:06:59 GMT'
2025-12-08 12:06:59,642 | INFO     | Request URL: 'https://uploadserverstorage1.blob.core.windows.net/recordings/tamil/000020278.wav'
Request method: 'DELETE'
Request headers:
    'x-ms-version': 'REDACTED'
    'Accept': 'application/xml'
    'User-Agent': 'azsdk-python-storage-blob/12.27.1 Python/3.12.3 (Linux-6.14.0-1012-azure-x86_64-with-glibc2.39)'
    'x-ms-date': 'REDACTED'
    'x-ms-client-request-id': '662efff6-d42e-11f0-b31a-7ced8d9fd639'
    'Authorization': 'REDACTED'
No body was attached to the request
2025-12-08 12:06:59,652 | INFO     | Response status: 202
Response headers:
    'Content-Length': '0'
    'Server': 'Windows-Azure-Blob/1.0 Microsoft-HTTPAPI/2.0'
    'x-ms-request-id': '98bf718c-401e-0071-453b-689f19000000'
    'x-ms-client-request-id': '662efff6-d42e-11f0-b31a-7ced8d9fd639'
    'x-ms-version': 'REDACTED'
    'x-ms-delete-type-permanent': 'REDACTED'
    'Date': 'Mon, 08 Dec 2025 12:06:59 GMT'
2025-12-08 12:06:59,652 | INFO     | Request URL: 'https://uploadserverstorage1.blob.core.windows.net/recordings/telugu/000010476.wav'
Request method: 'HEAD'
Request headers:
    'x-ms-version': 'REDACTED'
    'Accept': 'application/xml'
    'User-Agent': 'azsdk-python-storage-blob/12.27.1 Python/3.12.3 (Linux-6.14.0-1012-azure-x86_64-with-glibc2.39)'
    'x-ms-date': 'REDACTED'
    'x-ms-client-request-id': '66308cee-d42e-11f0-8e69-7ced8d9fd639'
    'Authorization': 'REDACTED'
No body was attached to the request
2025-12-08 12:06:59,656 | INFO     | Response status: 200
Response headers:
    'Content-Length': '316844'
    'Content-Type': 'audio/wav'
    'Content-MD5': 'REDACTED'
    'Last-Modified': 'Mon, 08 Dec 2025 11:54:29 GMT'
    'Accept-Ranges': 'REDACTED'
    'ETag': '"0x8DE36508B42F867"'
    'Vary': 'REDACTED'
    'Server': 'Windows-Azure-Blob/1.0 Microsoft-HTTPAPI/2.0'
    'x-ms-request-id': '98bf7191-401e-0071-4a3b-689f19000000'
    'x-ms-client-request-id': '66308cee-d42e-11f0-8e69-7ced8d9fd639'
    'x-ms-version': 'REDACTED'
    'x-ms-creation-time': 'REDACTED'
    'x-ms-lease-status': 'REDACTED'
    'x-ms-lease-state': 'REDACTED'
    'x-ms-blob-type': 'REDACTED'
    'x-ms-server-encrypted': 'REDACTED'
    'x-ms-access-tier': 'REDACTED'
    'x-ms-access-tier-inferred': 'REDACTED'
    'Date': 'Mon, 08 Dec 2025 12:06:59 GMT'
2025-12-08 12:06:59,657 | INFO     | Request URL: 'https://uploadserverstorage1.blob.core.windows.net/processed-recordings/telugu/000010476.wav'
Request method: 'HEAD'
Request headers:
    'x-ms-version': 'REDACTED'
    'Accept': 'application/xml'
    'User-Agent': 'azsdk-python-storage-blob/12.27.1 Python/3.12.3 (Linux-6.14.0-1012-azure-x86_64-with-glibc2.39)'
    'x-ms-date': 'REDACTED'
    'x-ms-client-request-id': '663140f9-d42e-11f0-b2e6-7ced8d9fd639'
    'Authorization': 'REDACTED'
No body was attached to the request
2025-12-08 12:06:59,660 | INFO     | Response status: 200
Response headers:
    'Content-Length': '316844'
    'Content-Type': 'application/octet-stream'
    'Content-MD5': 'REDACTED'
    'Last-Modified': 'Mon, 08 Dec 2025 12:06:59 GMT'
    'Accept-Ranges': 'REDACTED'
    'ETag': '"0x8DE36524A518587"'
    'Vary': 'REDACTED'
    'Server': 'Windows-Azure-Blob/1.0 Microsoft-HTTPAPI/2.0'
    'x-ms-request-id': '98bf7195-401e-0071-4e3b-689f19000000'
    'x-ms-client-request-id': '663140f9-d42e-11f0-b2e6-7ced8d9fd639'
    'x-ms-version': 'REDACTED'
    'x-ms-creation-time': 'REDACTED'
    'x-ms-lease-status': 'REDACTED'
    'x-ms-lease-state': 'REDACTED'
    'x-ms-blob-type': 'REDACTED'
    'x-ms-server-encrypted': 'REDACTED'
    'x-ms-access-tier': 'REDACTED'
    'x-ms-access-tier-inferred': 'REDACTED'
    'Date': 'Mon, 08 Dec 2025 12:06:59 GMT'
2025-12-08 12:06:59,661 | INFO     | Request URL: 'https://uploadserverstorage1.blob.core.windows.net/recordings/telugu/000010476.wav'
Request method: 'DELETE'
Request headers:
    'x-ms-version': 'REDACTED'
    'Accept': 'application/xml'
    'User-Agent': 'azsdk-python-storage-blob/12.27.1 Python/3.12.3 (Linux-6.14.0-1012-azure-x86_64-with-glibc2.39)'
    'x-ms-date': 'REDACTED'
    'x-ms-client-request-id': '6631d7f3-d42e-11f0-a551-7ced8d9fd639'
    'Authorization': 'REDACTED'
No body was attached to the request
2025-12-08 12:06:59,666 | INFO     | Response status: 202
Response headers:
    'Content-Length': '0'
    'Server': 'Windows-Azure-Blob/1.0 Microsoft-HTTPAPI/2.0'
    'x-ms-request-id': '98bf7197-401e-0071-503b-689f19000000'
    'x-ms-client-request-id': '6631d7f3-d42e-11f0-a551-7ced8d9fd639'
    'x-ms-version': 'REDACTED'
    'x-ms-delete-type-permanent': 'REDACTED'
    'Date': 'Mon, 08 Dec 2025 12:06:59 GMT'
2025-12-08 12:06:59,667 | INFO     | Request URL: 'https://uploadserverstorage1.blob.core.windows.net/recordings/telugu/000030434.wav'
Request method: 'HEAD'
Request headers:
    'x-ms-version': 'REDACTED'
    'Accept': 'application/xml'
    'User-Agent': 'azsdk-python-storage-blob/12.27.1 Python/3.12.3 (Linux-6.14.0-1012-azure-x86_64-with-glibc2.39)'
    'x-ms-date': 'REDACTED'
    'x-ms-client-request-id': '6632c358-d42e-11f0-8002-7ced8d9fd639'
    'Authorization': 'REDACTED'
No body was attached to the request
2025-12-08 12:06:59,670 | INFO     | Response status: 200
Response headers:
    'Content-Length': '241964'
    'Content-Type': 'audio/wav'
    'Content-MD5': 'REDACTED'
    'Last-Modified': 'Mon, 08 Dec 2025 11:54:29 GMT'
    'Accept-Ranges': 'REDACTED'
    'ETag': '"0x8DE36508B39B3F3"'
    'Vary': 'REDACTED'
    'Server': 'Windows-Azure-Blob/1.0 Microsoft-HTTPAPI/2.0'
    'x-ms-request-id': '98bf719c-401e-0071-553b-689f19000000'
    'x-ms-client-request-id': '6632c358-d42e-11f0-8002-7ced8d9fd639'
    'x-ms-version': 'REDACTED'
    'x-ms-creation-time': 'REDACTED'
    'x-ms-lease-status': 'REDACTED'
    'x-ms-lease-state': 'REDACTED'
    'x-ms-blob-type': 'REDACTED'
    'x-ms-server-encrypted': 'REDACTED'
    'x-ms-access-tier': 'REDACTED'
    'x-ms-access-tier-inferred': 'REDACTED'
    'Date': 'Mon, 08 Dec 2025 12:06:59 GMT'
2025-12-08 12:06:59,671 | INFO     | Request URL: 'https://uploadserverstorage1.blob.core.windows.net/processed-recordings/telugu/000030434.wav'
Request method: 'HEAD'
Request headers:
    'x-ms-version': 'REDACTED'
    'Accept': 'application/xml'
    'User-Agent': 'azsdk-python-storage-blob/12.27.1 Python/3.12.3 (Linux-6.14.0-1012-azure-x86_64-with-glibc2.39)'
    'x-ms-date': 'REDACTED'
    'x-ms-client-request-id': '66335e1a-d42e-11f0-9b64-7ced8d9fd639'
    'Authorization': 'REDACTED'
No body was attached to the request
2025-12-08 12:06:59,674 | INFO     | Response status: 200
Response headers:
    'Content-Length': '241964'
    'Content-Type': 'application/octet-stream'
    'Content-MD5': 'REDACTED'
    'Last-Modified': 'Mon, 08 Dec 2025 12:06:59 GMT'
    'Accept-Ranges': 'REDACTED'
    'ETag': '"0x8DE36524A535837"'
    'Vary': 'REDACTED'
    'Server': 'Windows-Azure-Blob/1.0 Microsoft-HTTPAPI/2.0'
    'x-ms-request-id': '98bf719e-401e-0071-573b-689f19000000'
    'x-ms-client-request-id': '66335e1a-d42e-11f0-9b64-7ced8d9fd639'
    'x-ms-version': 'REDACTED'
    'x-ms-creation-time': 'REDACTED'
    'x-ms-lease-status': 'REDACTED'
    'x-ms-lease-state': 'REDACTED'
    'x-ms-blob-type': 'REDACTED'
    'x-ms-server-encrypted': 'REDACTED'
    'x-ms-access-tier': 'REDACTED'
    'x-ms-access-tier-inferred': 'REDACTED'
    'Date': 'Mon, 08 Dec 2025 12:06:59 GMT'
2025-12-08 12:06:59,675 | INFO     | Request URL: 'https://uploadserverstorage1.blob.core.windows.net/recordings/telugu/000030434.wav'
Request method: 'DELETE'
Request headers:
    'x-ms-version': 'REDACTED'
    'Accept': 'application/xml'
    'User-Agent': 'azsdk-python-storage-blob/12.27.1 Python/3.12.3 (Linux-6.14.0-1012-azure-x86_64-with-glibc2.39)'
    'x-ms-date': 'REDACTED'
    'x-ms-client-request-id': '6633f723-d42e-11f0-9964-7ced8d9fd639'
    'Authorization': 'REDACTED'
No body was attached to the request
2025-12-08 12:06:59,680 | INFO     | Response status: 202
Response headers:
    'Content-Length': '0'
    'Server': 'Windows-Azure-Blob/1.0 Microsoft-HTTPAPI/2.0'
    'x-ms-request-id': '98bf719f-401e-0071-583b-689f19000000'
    'x-ms-client-request-id': '6633f723-d42e-11f0-9964-7ced8d9fd639'
    'x-ms-version': 'REDACTED'
    'x-ms-delete-type-permanent': 'REDACTED'
    'Date': 'Mon, 08 Dec 2025 12:06:59 GMT'
2025-12-08 12:06:59,681 | INFO     | Request URL: 'https://uploadserverstorage1.blob.core.windows.net/recordings/telugu/000060217.wav'
Request method: 'HEAD'
Request headers:
    'x-ms-version': 'REDACTED'
    'Accept': 'application/xml'
    'User-Agent': 'azsdk-python-storage-blob/12.27.1 Python/3.12.3 (Linux-6.14.0-1012-azure-x86_64-with-glibc2.39)'
    'x-ms-date': 'REDACTED'
    'x-ms-client-request-id': '6634de8e-d42e-11f0-8ff5-7ced8d9fd639'
    'Authorization': 'REDACTED'
No body was attached to the request
2025-12-08 12:06:59,684 | INFO     | Response status: 200
Response headers:
    'Content-Length': '232684'
    'Content-Type': 'audio/wav'
    'Content-MD5': 'REDACTED'
    'Last-Modified': 'Mon, 08 Dec 2025 11:54:28 GMT'
    'Accept-Ranges': 'REDACTED'
    'ETag': '"0x8DE36508ADC1E32"'
    'Vary': 'REDACTED'
    'Server': 'Windows-Azure-Blob/1.0 Microsoft-HTTPAPI/2.0'
    'x-ms-request-id': '98bf71a2-401e-0071-5b3b-689f19000000'
    'x-ms-client-request-id': '6634de8e-d42e-11f0-8ff5-7ced8d9fd639'
    'x-ms-version': 'REDACTED'
    'x-ms-creation-time': 'REDACTED'
    'x-ms-lease-status': 'REDACTED'
    'x-ms-lease-state': 'REDACTED'
    'x-ms-blob-type': 'REDACTED'
    'x-ms-server-encrypted': 'REDACTED'
    'x-ms-access-tier': 'REDACTED'
    'x-ms-access-tier-inferred': 'REDACTED'
    'Date': 'Mon, 08 Dec 2025 12:06:59 GMT'
2025-12-08 12:06:59,685 | INFO     | Request URL: 'https://uploadserverstorage1.blob.core.windows.net/processed-recordings/telugu/000060217.wav'
Request method: 'HEAD'
Request headers:
    'x-ms-version': 'REDACTED'
    'Accept': 'application/xml'
    'User-Agent': 'azsdk-python-storage-blob/12.27.1 Python/3.12.3 (Linux-6.14.0-1012-azure-x86_64-with-glibc2.39)'
    'x-ms-date': 'REDACTED'
    'x-ms-client-request-id': '663585bd-d42e-11f0-9142-7ced8d9fd639'
    'Authorization': 'REDACTED'
No body was attached to the request
2025-12-08 12:06:59,689 | INFO     | Response status: 200
Response headers:
    'Content-Length': '232684'
    'Content-Type': 'application/octet-stream'
    'Content-MD5': 'REDACTED'
    'Last-Modified': 'Mon, 08 Dec 2025 12:06:59 GMT'
    'Accept-Ranges': 'REDACTED'
    'ETag': '"0x8DE36524A55040D"'
    'Vary': 'REDACTED'
    'Server': 'Windows-Azure-Blob/1.0 Microsoft-HTTPAPI/2.0'
    'x-ms-request-id': '98bf71a4-401e-0071-5d3b-689f19000000'
    'x-ms-client-request-id': '663585bd-d42e-11f0-9142-7ced8d9fd639'
    'x-ms-version': 'REDACTED'
    'x-ms-creation-time': 'REDACTED'
    'x-ms-lease-status': 'REDACTED'
    'x-ms-lease-state': 'REDACTED'
    'x-ms-blob-type': 'REDACTED'
    'x-ms-server-encrypted': 'REDACTED'
    'x-ms-access-tier': 'REDACTED'
    'x-ms-access-tier-inferred': 'REDACTED'
    'Date': 'Mon, 08 Dec 2025 12:06:59 GMT'
2025-12-08 12:06:59,689 | INFO     | Request URL: 'https://uploadserverstorage1.blob.core.windows.net/recordings/telugu/000060217.wav'
Request method: 'DELETE'
Request headers:
    'x-ms-version': 'REDACTED'
    'Accept': 'application/xml'
    'User-Agent': 'azsdk-python-storage-blob/12.27.1 Python/3.12.3 (Linux-6.14.0-1012-azure-x86_64-with-glibc2.39)'
    'x-ms-date': 'REDACTED'
    'x-ms-client-request-id': '663627ef-d42e-11f0-9e97-7ced8d9fd639'
    'Authorization': 'REDACTED'
No body was attached to the request
2025-12-08 12:06:59,694 | INFO     | Response status: 202
Response headers:
    'Content-Length': '0'
    'Server': 'Windows-Azure-Blob/1.0 Microsoft-HTTPAPI/2.0'
    'x-ms-request-id': '98bf71a6-401e-0071-5f3b-689f19000000'
    'x-ms-client-request-id': '663627ef-d42e-11f0-9e97-7ced8d9fd639'
    'x-ms-version': 'REDACTED'
    'x-ms-delete-type-permanent': 'REDACTED'
    'Date': 'Mon, 08 Dec 2025 12:06:59 GMT'
================================================================================
AZURE STORAGE CONNECTION
================================================================================
Recordings: recordings
Transcriptions: transcriptions
Processed: processed-recordings
Batch Size: 10
✓ Connected successfully
Account: StorageV2
================================================================================

Temp Directory: temp_audio
Email: ENABLED
  → sanjubandaru14@gmail.com, sanjeev@dachido.com, philip.derbeko@dachido.com, sudip.sinha@dachido.com

================================================================================
BATCH PROCESSING - ALL PENDING FILES
================================================================================
Batch size: 10
================================================================================

Scanning for pending files...
Scan complete:
  Total blobs: 9
  Pending: 9
  Orphans: 0

PLAN:
  Files: 9
  Batch size: 10
  Batches: 1

================================================================================
BATCH 1/1
================================================================================
Files: 9 | Range: 1-9/9
================================================================================

[1/9] hindi/01-00016-02.mp3
  [1/3] Downloading...
        ✓ Downloaded (6,381 bytes)
  [2/3] Processing...
  ✗ Failed: Translation is empty
  ✗ FAILED

[2/9] hindi/01-00022-03.mp3
  [1/3] Downloading...
        ✓ Downloaded (12,285 bytes)
  [2/3] Processing...
        ✓ Processed (6 words)
  [3/3] Uploading transcription...
        ✓ Uploaded
  ✓ SUCCESS

[3/9] hindi/01-00033-01.mp3
  [1/3] Downloading...
        ✓ Downloaded (9,693 bytes)
  [2/3] Processing...
        ✓ Processed (23 words)
  [3/3] Uploading transcription...
        ✓ Uploaded
  ✓ SUCCESS

[4/9] tamil/000020009.wav
  [1/3] Downloading...
        ✓ Downloaded (216,684 bytes)
  [2/3] Processing...
        ✓ Processed (15 words)
  [3/3] Uploading transcription...
        ✓ Uploaded
  ✓ SUCCESS

[5/9] tamil/000020244.wav
  [1/3] Downloading...
        ✓ Downloaded (304,684 bytes)
  [2/3] Processing...
        ✓ Processed (22 words)
  [3/3] Uploading transcription...
        ✓ Uploaded
  ✓ SUCCESS

[6/9] tamil/000020278.wav
  [1/3] Downloading...
        ✓ Downloaded (379,244 bytes)
  [2/3] Processing...
        ✓ Processed (17 words)
  [3/3] Uploading transcription...
        ✓ Uploaded
  ✓ SUCCESS

[7/9] telugu/000010476.wav
  [1/3] Downloading...
        ✓ Downloaded (316,844 bytes)
  [2/3] Processing...
        ✓ Processed (17 words)
  [3/3] Uploading transcription...
        ✓ Uploaded
  ✓ SUCCESS

[8/9] telugu/000030434.wav
  [1/3] Downloading...
        ✓ Downloaded (241,964 bytes)
  [2/3] Processing...
        ✓ Processed (17 words)
  [3/3] Uploading transcription...
        ✓ Uploaded
  ✓ SUCCESS

[9/9] telugu/000060217.wav
  [1/3] Downloading...
        ✓ Downloaded (232,684 bytes)
  [2/3] Processing...
        ✓ Processed (14 words)
  [3/3] Uploading transcription...
        ✓ Uploaded
  ✓ SUCCESS


================================================================================
BATCH MOVE & DELETE
================================================================================
Files: 8

[1/2] Moving to processed...
  ✓ hindi/01-00022-03.mp3
  ✓ hindi/01-00033-01.mp3
  ✓ tamil/000020009.wav
  ✓ tamil/000020244.wav
  ✓ tamil/000020278.wav
  ✓ telugu/000010476.wav
  ✓ telugu/000030434.wav
  ✓ telugu/000060217.wav

[2/2] Deleting from recordings...
  ✓ hindi/01-00022-03.mp3
  ✓ hindi/01-00033-01.mp3
  ✓ tamil/000020009.wav
  ✓ tamil/000020244.wav
  ✓ tamil/000020278.wav
  ✓ telugu/000010476.wav
  ✓ telugu/000030434.wav
  ✓ telugu/000060217.wav
================================================================================


================================================================================
SESSION COMPLETE
================================================================================
Duration: 0.3 minutes
Processed: 9
Successful: 8
Failed: 1
Moved: 8
Deleted: 8
Success Rate: 88.9%
================================================================================

Email sent to 4 recipient(s)

================================================================================
BATCH PROCESSING COMPLETED - Mon Dec  8 12:07:05 UTC 2025
================================================================================
