================================================================================
BATCH PROCESSING STARTED - Mon Dec  8 13:00:01 UTC 2025
================================================================================

2025-12-08 13:00:03,381 | INFO     | ======================================================================
2025-12-08 13:00:03,381 | INFO     | WHISPER PROCESSOR - DIRECT TRANSLATION
2025-12-08 13:00:03,381 | INFO     | ======================================================================
2025-12-08 13:00:03,381 | INFO     | Model: Systran/faster-whisper-large-v3
2025-12-08 13:00:03,381 | INFO     | Device: cuda
2025-12-08 13:00:03,381 | INFO     | Compute: float16
2025-12-08 13:00:07,098 | INFO     | ✓ Model loaded in 3.72s
2025-12-08 13:00:07,098 | INFO     | ✓ Ready
2025-12-08 13:00:07,098 | INFO     | ======================================================================

2025-12-08 13:00:07,099 | INFO     | Request URL: 'https://uploadserverstorage1.blob.core.windows.net/recordings/coromandel/123/2025-12-08T12-44-00-375Z-2025-12-08T18%3A13%3A29.388488.mp3'
Request method: 'GET'
Request headers:
    'x-ms-range': 'REDACTED'
    'x-ms-version': 'REDACTED'
    'Accept': 'application/xml'
    'User-Agent': 'azsdk-python-storage-blob/12.27.1 Python/3.12.3 (Linux-6.14.0-1012-azure-x86_64-with-glibc2.39)'
    'x-ms-date': 'REDACTED'
    'x-ms-client-request-id': 'd20e41bc-d435-11f0-86d7-7ced8d9fd639'
    'Authorization': 'REDACTED'
No body was attached to the request
2025-12-08 13:00:07,145 | INFO     | Response status: 206
Response headers:
    'Content-Length': '487574'
    'Content-Type': 'audio/mpeg'
    'Content-Range': 'REDACTED'
    'Last-Modified': 'Mon, 08 Dec 2025 12:44:00 GMT'
    'Accept-Ranges': 'REDACTED'
    'ETag': '"0x8DE3657761092EA"'
    'Server': 'Windows-Azure-Blob/1.0 Microsoft-HTTPAPI/2.0'
    'x-ms-request-id': 'bc0e6b71-b01e-0009-7842-68f7ae000000'
    'x-ms-client-request-id': 'd20e41bc-d435-11f0-86d7-7ced8d9fd639'
    'x-ms-version': 'REDACTED'
    'x-ms-tag-count': 'REDACTED'
    'x-ms-meta-userId': 'REDACTED'
    'x-ms-meta-companyId': 'REDACTED'
    'x-ms-meta-timestamp': 'REDACTED'
    'x-ms-meta-recordingLength': 'REDACTED'
    'x-ms-meta-startLatitude': 'REDACTED'
    'x-ms-meta-startLongitude': 'REDACTED'
    'x-ms-meta-endLatitude': 'REDACTED'
    'x-ms-meta-endLongitude': 'REDACTED'
    'x-ms-meta-uploadTimestamp': 'REDACTED'
    'x-ms-creation-time': 'REDACTED'
    'x-ms-blob-content-md5': 'REDACTED'
    'x-ms-lease-status': 'REDACTED'
    'x-ms-lease-state': 'REDACTED'
    'x-ms-blob-type': 'REDACTED'
    'Content-Disposition': 'REDACTED'
    'x-ms-server-encrypted': 'REDACTED'
    'Access-Control-Expose-Headers': 'REDACTED'
    'Access-Control-Allow-Origin': 'REDACTED'
    'Date': 'Mon, 08 Dec 2025 13:00:06 GMT'
2025-12-08 13:00:07,149 | INFO     | Processing: 2025-12-08T12-44-00-375Z-2025-12-08T18:13:29.388488.mp3
2025-12-08 13:00:07,149 | INFO     |   [1/1] Detecting language + translating to English...
2025-12-08 13:00:07,256 | INFO     | Processing audio with duration 00:29.907
2025-12-08 13:00:07,344 | INFO     | VAD filter removed 00:22.291 of audio
2025-12-08 13:00:07,818 | INFO     | Detected language 'te' with probability 0.96
2025-12-08 13:00:07,819 | INFO     |         → Detected: Telugu (te) - 96.3%
2025-12-08 13:00:08,535 | INFO     |         ✓ Success - 1.39s
2025-12-08 13:00:08,535 | INFO     |         → 16 words
2025-12-08 13:00:08,536 | INFO     | Request URL: 'https://uploadserverstorage1.blob.core.windows.net/transcriptions/coromandel/123/2025-12-08T12-44-00-375Z-2025-12-08T18%3A13%3A29.388488_transcription.json'
Request method: 'PUT'
Request headers:
    'Content-Length': '530'
    'x-ms-blob-type': 'REDACTED'
    'x-ms-version': 'REDACTED'
    'Content-Type': 'application/octet-stream'
    'Accept': 'application/xml'
    'User-Agent': 'azsdk-python-storage-blob/12.27.1 Python/3.12.3 (Linux-6.14.0-1012-azure-x86_64-with-glibc2.39)'
    'x-ms-date': 'REDACTED'
    'x-ms-client-request-id': 'd2e9a176-d435-11f0-a594-7ced8d9fd639'
    'Authorization': 'REDACTED'
A body is sent with the request
2025-12-08 13:00:08,547 | INFO     | Response status: 201
Response headers:
    'Content-Length': '0'
    'Content-MD5': 'REDACTED'
    'Last-Modified': 'Mon, 08 Dec 2025 13:00:08 GMT'
    'ETag': '"0x8DE3659B71DA2B4"'
    'Server': 'Windows-Azure-Blob/1.0 Microsoft-HTTPAPI/2.0'
    'x-ms-request-id': 'bc0e6d7a-b01e-0009-5442-68f7ae000000'
    'x-ms-client-request-id': 'd2e9a176-d435-11f0-a594-7ced8d9fd639'
    'x-ms-version': 'REDACTED'
    'x-ms-content-crc64': 'REDACTED'
    'x-ms-request-server-encrypted': 'REDACTED'
    'Date': 'Mon, 08 Dec 2025 13:00:07 GMT'
2025-12-08 13:00:08,548 | INFO     | Request URL: 'https://uploadserverstorage1.blob.core.windows.net/processed-recordings/coromandel/123/2025-12-08T12-44-00-375Z-2025-12-08T18%3A13%3A29.388488.mp3'
Request method: 'PUT'
Request headers:
    'Content-Length': '487574'
    'x-ms-blob-type': 'REDACTED'
    'x-ms-version': 'REDACTED'
    'Content-Type': 'application/octet-stream'
    'Accept': 'application/xml'
    'User-Agent': 'azsdk-python-storage-blob/12.27.1 Python/3.12.3 (Linux-6.14.0-1012-azure-x86_64-with-glibc2.39)'
    'x-ms-date': 'REDACTED'
    'x-ms-client-request-id': 'd2eb5698-d435-11f0-a993-7ced8d9fd639'
    'Authorization': 'REDACTED'
A body is sent with the request
2025-12-08 13:00:08,582 | INFO     | Response status: 201
Response headers:
    'Content-Length': '0'
    'Content-MD5': 'REDACTED'
    'Last-Modified': 'Mon, 08 Dec 2025 13:00:08 GMT'
    'ETag': '"0x8DE3659B72341AD"'
    'Server': 'Windows-Azure-Blob/1.0 Microsoft-HTTPAPI/2.0'
    'x-ms-request-id': 'bc0e6d7f-b01e-0009-5942-68f7ae000000'
    'x-ms-client-request-id': 'd2eb5698-d435-11f0-a993-7ced8d9fd639'
    'x-ms-version': 'REDACTED'
    'x-ms-content-crc64': 'REDACTED'
    'x-ms-request-server-encrypted': 'REDACTED'
    'Date': 'Mon, 08 Dec 2025 13:00:07 GMT'
2025-12-08 13:00:08,582 | INFO     | Request URL: 'https://uploadserverstorage1.blob.core.windows.net/recordings/coromandel/123/2025-12-08T12-44-00-375Z-2025-12-08T18%3A13%3A29.388488.mp3'
Request method: 'HEAD'
Request headers:
    'x-ms-version': 'REDACTED'
    'Accept': 'application/xml'
    'User-Agent': 'azsdk-python-storage-blob/12.27.1 Python/3.12.3 (Linux-6.14.0-1012-azure-x86_64-with-glibc2.39)'
    'x-ms-date': 'REDACTED'
    'x-ms-client-request-id': 'd2f0a408-d435-11f0-a51c-7ced8d9fd639'
    'Authorization': 'REDACTED'
No body was attached to the request
2025-12-08 13:00:08,586 | INFO     | Response status: 200
Response headers:
    'Content-Length': '487574'
    'Content-Type': 'audio/mpeg'
    'Content-MD5': 'REDACTED'
    'Last-Modified': 'Mon, 08 Dec 2025 12:44:00 GMT'
    'Accept-Ranges': 'REDACTED'
    'ETag': '"0x8DE3657761092EA"'
    'Vary': 'REDACTED'
    'Server': 'Windows-Azure-Blob/1.0 Microsoft-HTTPAPI/2.0'
    'x-ms-request-id': 'bc0e6d8e-b01e-0009-6742-68f7ae000000'
    'x-ms-client-request-id': 'd2f0a408-d435-11f0-a51c-7ced8d9fd639'
    'x-ms-version': 'REDACTED'
    'x-ms-tag-count': 'REDACTED'
    'x-ms-meta-userId': 'REDACTED'
    'x-ms-meta-companyId': 'REDACTED'
    'x-ms-meta-timestamp': 'REDACTED'
    'x-ms-meta-recordingLength': 'REDACTED'
    'x-ms-meta-startLatitude': 'REDACTED'
    'x-ms-meta-startLongitude': 'REDACTED'
    'x-ms-meta-endLatitude': 'REDACTED'
    'x-ms-meta-endLongitude': 'REDACTED'
    'x-ms-meta-uploadTimestamp': 'REDACTED'
    'x-ms-creation-time': 'REDACTED'
    'x-ms-lease-status': 'REDACTED'
    'x-ms-lease-state': 'REDACTED'
    'x-ms-blob-type': 'REDACTED'
    'Content-Disposition': 'REDACTED'
    'x-ms-server-encrypted': 'REDACTED'
    'x-ms-access-tier': 'REDACTED'
    'x-ms-access-tier-inferred': 'REDACTED'
    'Date': 'Mon, 08 Dec 2025 13:00:07 GMT'
2025-12-08 13:00:08,587 | INFO     | Request URL: 'https://uploadserverstorage1.blob.core.windows.net/processed-recordings/coromandel/123/2025-12-08T12-44-00-375Z-2025-12-08T18%3A13%3A29.388488.mp3'
Request method: 'HEAD'
Request headers:
    'x-ms-version': 'REDACTED'
    'Accept': 'application/xml'
    'User-Agent': 'azsdk-python-storage-blob/12.27.1 Python/3.12.3 (Linux-6.14.0-1012-azure-x86_64-with-glibc2.39)'
    'x-ms-date': 'REDACTED'
    'x-ms-client-request-id': 'd2f14a43-d435-11f0-b1f2-7ced8d9fd639'
    'Authorization': 'REDACTED'
No body was attached to the request
2025-12-08 13:00:08,591 | INFO     | Response status: 200
Response headers:
    'Content-Length': '487574'
    'Content-Type': 'application/octet-stream'
    'Content-MD5': 'REDACTED'
    'Last-Modified': 'Mon, 08 Dec 2025 13:00:08 GMT'
    'Accept-Ranges': 'REDACTED'
    'ETag': '"0x8DE3659B72341AD"'
    'Vary': 'REDACTED'
    'Server': 'Windows-Azure-Blob/1.0 Microsoft-HTTPAPI/2.0'
    'x-ms-request-id': 'bc0e6d93-b01e-0009-6c42-68f7ae000000'
    'x-ms-client-request-id': 'd2f14a43-d435-11f0-b1f2-7ced8d9fd639'
    'x-ms-version': 'REDACTED'
    'x-ms-creation-time': 'REDACTED'
    'x-ms-lease-status': 'REDACTED'
    'x-ms-lease-state': 'REDACTED'
    'x-ms-blob-type': 'REDACTED'
    'x-ms-server-encrypted': 'REDACTED'
    'x-ms-access-tier': 'REDACTED'
    'x-ms-access-tier-inferred': 'REDACTED'
    'Date': 'Mon, 08 Dec 2025 13:00:07 GMT'
2025-12-08 13:00:08,591 | INFO     | Request URL: 'https://uploadserverstorage1.blob.core.windows.net/recordings/coromandel/123/2025-12-08T12-44-00-375Z-2025-12-08T18%3A13%3A29.388488.mp3'
Request method: 'DELETE'
Request headers:
    'x-ms-version': 'REDACTED'
    'Accept': 'application/xml'
    'User-Agent': 'azsdk-python-storage-blob/12.27.1 Python/3.12.3 (Linux-6.14.0-1012-azure-x86_64-with-glibc2.39)'
    'x-ms-date': 'REDACTED'
    'x-ms-client-request-id': 'd2f209fb-d435-11f0-a82f-7ced8d9fd639'
    'Authorization': 'REDACTED'
No body was attached to the request
2025-12-08 13:00:08,597 | INFO     | Response status: 202
Response headers:
    'Content-Length': '0'
    'Server': 'Windows-Azure-Blob/1.0 Microsoft-HTTPAPI/2.0'
    'x-ms-request-id': 'bc0e6d98-b01e-0009-6f42-68f7ae000000'
    'x-ms-client-request-id': 'd2f209fb-d435-11f0-a82f-7ced8d9fd639'
    'x-ms-version': 'REDACTED'
    'x-ms-delete-type-permanent': 'REDACTED'
    'Date': 'Mon, 08 Dec 2025 13:00:07 GMT'
================================================================================
AZURE STORAGE CONNECTION
================================================================================
Recordings: recordings
Transcriptions: transcriptions
Processed: processed-recordings
Batch Size: 10
✓ Connected successfully
Account: StorageV2
================================================================================

Temp Directory: temp_audio
Email: ENABLED
  → sanjubandaru14@gmail.com, sanjeev@dachido.com, philip.derbeko@dachido.com, sudip.sinha@dachido.com

================================================================================
BATCH PROCESSING - ALL PENDING FILES
================================================================================
Batch size: 10
================================================================================

Scanning for pending files...
Scan complete:
  Total blobs: 1
  Pending: 1
  Orphans: 0

PLAN:
  Files: 1
  Batch size: 10
  Batches: 1

================================================================================
BATCH 1/1
================================================================================
Files: 1 | Range: 1-1/1
================================================================================

[1/1] coromandel/123/2025-12-08T12-44-00-375Z-2025-12-08T18:13:29.388488.mp3
  [1/3] Downloading...
        ✓ Downloaded (487,574 bytes)
  [2/3] Processing...
        ✓ Processed (16 words)
  [3/3] Uploading transcription...
        ✓ Uploaded
  ✓ SUCCESS


================================================================================
BATCH MOVE & DELETE
================================================================================
Files: 1

[1/2] Moving to processed...
  ✓ coromandel/123/2025-12-08T12-44-00-375Z-2025-12-08T18:13:29.388488.mp3

[2/2] Deleting from recordings...
  ✓ coromandel/123/2025-12-08T12-44-00-375Z-2025-12-08T18:13:29.388488.mp3
================================================================================


================================================================================
SESSION COMPLETE
================================================================================
Duration: 0.1 minutes
Processed: 1
Successful: 1
Failed: 0
Moved: 1
Deleted: 1
Success Rate: 100.0%
================================================================================

Email sent to 4 recipient(s)

================================================================================
BATCH PROCESSING COMPLETED - Mon Dec  8 13:00:14 UTC 2025
================================================================================
