================================================================================
BATCH PROCESSING STARTED - Mon Dec  8 12:29:44 UTC 2025
================================================================================

2025-12-08 12:29:46,455 | INFO     | ======================================================================
2025-12-08 12:29:46,455 | INFO     | WHISPER PROCESSOR - DIRECT TRANSLATION
2025-12-08 12:29:46,455 | INFO     | ======================================================================
2025-12-08 12:29:46,455 | INFO     | Model: Systran/faster-whisper-large-v3
2025-12-08 12:29:46,455 | INFO     | Device: cuda
2025-12-08 12:29:46,455 | INFO     | Compute: float16
2025-12-08 12:29:50,185 | INFO     | ✓ Model loaded in 3.73s
2025-12-08 12:29:50,185 | INFO     | ✓ Ready
2025-12-08 12:29:50,185 | INFO     | ======================================================================

2025-12-08 12:29:50,186 | INFO     | Request URL: 'https://uploadserverstorage1.blob.core.windows.net/recordings/coromandel/123/2025-12-08T12-26-38-663Z-2025-12-08T17%3A56%3A06.909616.mp3'
Request method: 'GET'
Request headers:
    'x-ms-range': 'REDACTED'
    'x-ms-version': 'REDACTED'
    'Accept': 'application/xml'
    'User-Agent': 'azsdk-python-storage-blob/12.27.1 Python/3.12.3 (Linux-6.14.0-1012-azure-x86_64-with-glibc2.39)'
    'x-ms-date': 'REDACTED'
    'x-ms-client-request-id': '97175bf9-d431-11f0-975a-7ced8d9fd639'
    'Authorization': 'REDACTED'
No body was attached to the request
2025-12-08 12:29:50,241 | INFO     | Response status: 206
Response headers:
    'Content-Length': '487622'
    'Content-Type': 'audio/mpeg'
    'Content-Range': 'REDACTED'
    'Last-Modified': 'Mon, 08 Dec 2025 12:26:38 GMT'
    'Accept-Ranges': 'REDACTED'
    'ETag': '"0x8DE3655092BDD2D"'
    'Server': 'Windows-Azure-Blob/1.0 Microsoft-HTTPAPI/2.0'
    'x-ms-request-id': '592b2bed-201e-0048-263e-68dfbd000000'
    'x-ms-client-request-id': '97175bf9-d431-11f0-975a-7ced8d9fd639'
    'x-ms-version': 'REDACTED'
    'x-ms-tag-count': 'REDACTED'
    'x-ms-meta-userId': 'REDACTED'
    'x-ms-meta-companyId': 'REDACTED'
    'x-ms-meta-timestamp': 'REDACTED'
    'x-ms-meta-recordingLength': 'REDACTED'
    'x-ms-meta-startLatitude': 'REDACTED'
    'x-ms-meta-startLongitude': 'REDACTED'
    'x-ms-meta-endLatitude': 'REDACTED'
    'x-ms-meta-endLongitude': 'REDACTED'
    'x-ms-meta-uploadTimestamp': 'REDACTED'
    'x-ms-creation-time': 'REDACTED'
    'x-ms-blob-content-md5': 'REDACTED'
    'x-ms-lease-status': 'REDACTED'
    'x-ms-lease-state': 'REDACTED'
    'x-ms-blob-type': 'REDACTED'
    'Content-Disposition': 'REDACTED'
    'x-ms-server-encrypted': 'REDACTED'
    'Access-Control-Expose-Headers': 'REDACTED'
    'Access-Control-Allow-Origin': 'REDACTED'
    'Date': 'Mon, 08 Dec 2025 12:29:49 GMT'
2025-12-08 12:29:50,244 | INFO     | Processing: 2025-12-08T12-26-38-663Z-2025-12-08T17:56:06.909616.mp3
2025-12-08 12:29:50,245 | INFO     |   [1/1] Detecting language + translating to English...
2025-12-08 12:29:50,351 | INFO     | Processing audio with duration 00:29.907
2025-12-08 12:29:50,442 | INFO     | VAD filter removed 00:21.075 of audio
2025-12-08 12:29:50,914 | INFO     | Detected language 'te' with probability 0.97
2025-12-08 12:29:50,916 | INFO     |         → Detected: Telugu (te) - 97.2%
2025-12-08 12:29:51,582 | INFO     |         ✓ Success - 1.34s
2025-12-08 12:29:51,582 | INFO     |         → 14 words
2025-12-08 12:29:51,583 | INFO     | Request URL: 'https://uploadserverstorage1.blob.core.windows.net/transcriptions/coromandel/123/2025-12-08T12-26-38-663Z-2025-12-08T17%3A56%3A06.909616_transcription.json'
Request method: 'PUT'
Request headers:
    'Content-Length': '523'
    'x-ms-blob-type': 'REDACTED'
    'x-ms-version': 'REDACTED'
    'Content-Type': 'application/octet-stream'
    'Accept': 'application/xml'
    'User-Agent': 'azsdk-python-storage-blob/12.27.1 Python/3.12.3 (Linux-6.14.0-1012-azure-x86_64-with-glibc2.39)'
    'x-ms-date': 'REDACTED'
    'x-ms-client-request-id': '97ec79f5-d431-11f0-9ca5-7ced8d9fd639'
    'Authorization': 'REDACTED'
A body is sent with the request
2025-12-08 12:29:51,590 | INFO     | Response status: 201
Response headers:
    'Content-Length': '0'
    'Content-MD5': 'REDACTED'
    'Last-Modified': 'Mon, 08 Dec 2025 12:29:51 GMT'
    'ETag': '"0x8DE36557C20E9CA"'
    'Server': 'Windows-Azure-Blob/1.0 Microsoft-HTTPAPI/2.0'
    'x-ms-request-id': '592b2d9f-201e-0048-233e-68dfbd000000'
    'x-ms-client-request-id': '97ec79f5-d431-11f0-9ca5-7ced8d9fd639'
    'x-ms-version': 'REDACTED'
    'x-ms-content-crc64': 'REDACTED'
    'x-ms-request-server-encrypted': 'REDACTED'
    'Date': 'Mon, 08 Dec 2025 12:29:51 GMT'
2025-12-08 12:29:51,591 | INFO     | Request URL: 'https://uploadserverstorage1.blob.core.windows.net/processed-recordings/coromandel/123/2025-12-08T12-26-38-663Z-2025-12-08T17%3A56%3A06.909616.mp3'
Request method: 'PUT'
Request headers:
    'Content-Length': '487622'
    'x-ms-blob-type': 'REDACTED'
    'x-ms-version': 'REDACTED'
    'Content-Type': 'application/octet-stream'
    'Accept': 'application/xml'
    'User-Agent': 'azsdk-python-storage-blob/12.27.1 Python/3.12.3 (Linux-6.14.0-1012-azure-x86_64-with-glibc2.39)'
    'x-ms-date': 'REDACTED'
    'x-ms-client-request-id': '97edcbb1-d431-11f0-9b28-7ced8d9fd639'
    'Authorization': 'REDACTED'
A body is sent with the request
2025-12-08 12:29:51,637 | INFO     | Response status: 201
Response headers:
    'Content-Length': '0'
    'Content-MD5': 'REDACTED'
    'Last-Modified': 'Mon, 08 Dec 2025 12:29:51 GMT'
    'ETag': '"0x8DE36557C27E6C7"'
    'Server': 'Windows-Azure-Blob/1.0 Microsoft-HTTPAPI/2.0'
    'x-ms-request-id': '592b2da2-201e-0048-253e-68dfbd000000'
    'x-ms-client-request-id': '97edcbb1-d431-11f0-9b28-7ced8d9fd639'
    'x-ms-version': 'REDACTED'
    'x-ms-content-crc64': 'REDACTED'
    'x-ms-request-server-encrypted': 'REDACTED'
    'Date': 'Mon, 08 Dec 2025 12:29:51 GMT'
2025-12-08 12:29:51,638 | INFO     | Request URL: 'https://uploadserverstorage1.blob.core.windows.net/recordings/coromandel/123/2025-12-08T12-26-38-663Z-2025-12-08T17%3A56%3A06.909616.mp3'
Request method: 'HEAD'
Request headers:
    'x-ms-version': 'REDACTED'
    'Accept': 'application/xml'
    'User-Agent': 'azsdk-python-storage-blob/12.27.1 Python/3.12.3 (Linux-6.14.0-1012-azure-x86_64-with-glibc2.39)'
    'x-ms-date': 'REDACTED'
    'x-ms-client-request-id': '97f4eeb1-d431-11f0-ac24-7ced8d9fd639'
    'Authorization': 'REDACTED'
No body was attached to the request
2025-12-08 12:29:51,645 | INFO     | Response status: 200
Response headers:
    'Content-Length': '487622'
    'Content-Type': 'audio/mpeg'
    'Content-MD5': 'REDACTED'
    'Last-Modified': 'Mon, 08 Dec 2025 12:26:38 GMT'
    'Accept-Ranges': 'REDACTED'
    'ETag': '"0x8DE3655092BDD2D"'
    'Vary': 'REDACTED'
    'Server': 'Windows-Azure-Blob/1.0 Microsoft-HTTPAPI/2.0'
    'x-ms-request-id': '592b2db1-201e-0048-343e-68dfbd000000'
    'x-ms-client-request-id': '97f4eeb1-d431-11f0-ac24-7ced8d9fd639'
    'x-ms-version': 'REDACTED'
    'x-ms-tag-count': 'REDACTED'
    'x-ms-meta-userId': 'REDACTED'
    'x-ms-meta-companyId': 'REDACTED'
    'x-ms-meta-timestamp': 'REDACTED'
    'x-ms-meta-recordingLength': 'REDACTED'
    'x-ms-meta-startLatitude': 'REDACTED'
    'x-ms-meta-startLongitude': 'REDACTED'
    'x-ms-meta-endLatitude': 'REDACTED'
    'x-ms-meta-endLongitude': 'REDACTED'
    'x-ms-meta-uploadTimestamp': 'REDACTED'
    'x-ms-creation-time': 'REDACTED'
    'x-ms-lease-status': 'REDACTED'
    'x-ms-lease-state': 'REDACTED'
    'x-ms-blob-type': 'REDACTED'
    'Content-Disposition': 'REDACTED'
    'x-ms-server-encrypted': 'REDACTED'
    'x-ms-access-tier': 'REDACTED'
    'x-ms-access-tier-inferred': 'REDACTED'
    'Date': 'Mon, 08 Dec 2025 12:29:51 GMT'
2025-12-08 12:29:51,645 | INFO     | Request URL: 'https://uploadserverstorage1.blob.core.windows.net/processed-recordings/coromandel/123/2025-12-08T12-26-38-663Z-2025-12-08T17%3A56%3A06.909616.mp3'
Request method: 'HEAD'
Request headers:
    'x-ms-version': 'REDACTED'
    'Accept': 'application/xml'
    'User-Agent': 'azsdk-python-storage-blob/12.27.1 Python/3.12.3 (Linux-6.14.0-1012-azure-x86_64-with-glibc2.39)'
    'x-ms-date': 'REDACTED'
    'x-ms-client-request-id': '97f60c75-d431-11f0-b5e6-7ced8d9fd639'
    'Authorization': 'REDACTED'
No body was attached to the request
2025-12-08 12:29:51,651 | INFO     | Response status: 200
Response headers:
    'Content-Length': '487622'
    'Content-Type': 'application/octet-stream'
    'Content-MD5': 'REDACTED'
    'Last-Modified': 'Mon, 08 Dec 2025 12:29:51 GMT'
    'Accept-Ranges': 'REDACTED'
    'ETag': '"0x8DE36557C27E6C7"'
    'Vary': 'REDACTED'
    'Server': 'Windows-Azure-Blob/1.0 Microsoft-HTTPAPI/2.0'
    'x-ms-request-id': '592b2db3-201e-0048-363e-68dfbd000000'
    'x-ms-client-request-id': '97f60c75-d431-11f0-b5e6-7ced8d9fd639'
    'x-ms-version': 'REDACTED'
    'x-ms-creation-time': 'REDACTED'
    'x-ms-lease-status': 'REDACTED'
    'x-ms-lease-state': 'REDACTED'
    'x-ms-blob-type': 'REDACTED'
    'x-ms-server-encrypted': 'REDACTED'
    'x-ms-access-tier': 'REDACTED'
    'x-ms-access-tier-inferred': 'REDACTED'
    'Date': 'Mon, 08 Dec 2025 12:29:51 GMT'
2025-12-08 12:29:51,652 | INFO     | Request URL: 'https://uploadserverstorage1.blob.core.windows.net/recordings/coromandel/123/2025-12-08T12-26-38-663Z-2025-12-08T17%3A56%3A06.909616.mp3'
Request method: 'DELETE'
Request headers:
    'x-ms-version': 'REDACTED'
    'Accept': 'application/xml'
    'User-Agent': 'azsdk-python-storage-blob/12.27.1 Python/3.12.3 (Linux-6.14.0-1012-azure-x86_64-with-glibc2.39)'
    'x-ms-date': 'REDACTED'
    'x-ms-client-request-id': '97f70a9a-d431-11f0-a45c-7ced8d9fd639'
    'Authorization': 'REDACTED'
No body was attached to the request
2025-12-08 12:29:51,658 | INFO     | Response status: 202
Response headers:
    'Content-Length': '0'
    'Server': 'Windows-Azure-Blob/1.0 Microsoft-HTTPAPI/2.0'
    'x-ms-request-id': '592b2db6-201e-0048-383e-68dfbd000000'
    'x-ms-client-request-id': '97f70a9a-d431-11f0-a45c-7ced8d9fd639'
    'x-ms-version': 'REDACTED'
    'x-ms-delete-type-permanent': 'REDACTED'
    'Date': 'Mon, 08 Dec 2025 12:29:51 GMT'
================================================================================
AZURE STORAGE CONNECTION
================================================================================
Recordings: recordings
Transcriptions: transcriptions
Processed: processed-recordings
Batch Size: 10
✓ Connected successfully
Account: StorageV2
================================================================================

Temp Directory: temp_audio
Email: ENABLED
  → sanjubandaru14@gmail.com, sanjeev@dachido.com, philip.derbeko@dachido.com, sudip.sinha@dachido.com

================================================================================
BATCH PROCESSING - ALL PENDING FILES
================================================================================
Batch size: 10
================================================================================

Scanning for pending files...
Scan complete:
  Total blobs: 1
  Pending: 1
  Orphans: 0

PLAN:
  Files: 1
  Batch size: 10
  Batches: 1

================================================================================
BATCH 1/1
================================================================================
Files: 1 | Range: 1-1/1
================================================================================

[1/1] coromandel/123/2025-12-08T12-26-38-663Z-2025-12-08T17:56:06.909616.mp3
  [1/3] Downloading...
        ✓ Downloaded (487,622 bytes)
  [2/3] Processing...
        ✓ Processed (14 words)
  [3/3] Uploading transcription...
        ✓ Uploaded
  ✓ SUCCESS


================================================================================
BATCH MOVE & DELETE
================================================================================
Files: 1

[1/2] Moving to processed...
  ✓ coromandel/123/2025-12-08T12-26-38-663Z-2025-12-08T17:56:06.909616.mp3

[2/2] Deleting from recordings...
  ✓ coromandel/123/2025-12-08T12-26-38-663Z-2025-12-08T17:56:06.909616.mp3
================================================================================


================================================================================
SESSION COMPLETE
================================================================================
Duration: 0.1 minutes
Processed: 1
Successful: 1
Failed: 0
Moved: 1
Deleted: 1
Success Rate: 100.0%
================================================================================

Email sent to 4 recipient(s)

================================================================================
BATCH PROCESSING COMPLETED - Mon Dec  8 12:29:56 UTC 2025
================================================================================
