==============================================================================
AZURE BATCH PROCESSING - CRON JOB
==============================================================================
Started: 2025-12-08 12:05:20
PID: 425739
Lock File: /tmp/whisper_process.lock
Script Directory: /home/daworker/whisper_testing/production_grade_v2
Log File: /home/daworker/whisper_testing/production_grade_v2/logs/cron_20251208_120520.log
==============================================================================

Using Python: python3 (/home/daworker/whisper_env/bin/python3)
Python Version: Python 3.12.3

2025-12-08 12:05:22,319 | INFO     | ======================================================================
2025-12-08 12:05:22,319 | INFO     | WHISPER PROCESSOR - DIRECT TRANSLATION
2025-12-08 12:05:22,319 | INFO     | ======================================================================
2025-12-08 12:05:22,319 | INFO     | Model: Systran/faster-whisper-large-v3
2025-12-08 12:05:22,319 | INFO     | Device: gpu
2025-12-08 12:05:22,319 | INFO     | Compute: float16
2025-12-08 12:05:22,395 | ERROR    | Initialization failed: unsupported device gpu
================================================================================
AZURE STORAGE CONNECTION
================================================================================
Recordings: recordings
Transcriptions: transcriptions
Processed: processed-recordings
Batch Size: 10
✓ Connected successfully
Account: StorageV2
================================================================================

Temp Directory: temp_audio
Email: ENABLED
  → sanjubandaru14@gmail.com, sanjeev@dachido.com, philip.derbeko@dachido.com, sudip.sinha@dachido.com

================================================================================
BATCH PROCESSING - ALL PENDING FILES
================================================================================
Batch size: 10
================================================================================

Scanning for pending files...
Scan complete:
  Total blobs: 9
  Pending: 9
  Orphans: 0

PLAN:
  Files: 9
  Batch size: 10
  Batches: 1

✗ Failed to initialize Whisper: unsupported device gpu

==============================================================================
CRON JOB FINISHED
==============================================================================
Finished: 2025-12-08 12:05:22
Exit Code: 0
Status: ✓ SUCCESS
==============================================================================

Cleaning up old logs (keeping last 30 days)...
✓ No old logs to delete

